#
# There is insufficient memory for the Java Runtime Environment to continue.
# Native memory allocation (malloc) failed to allocate 36880 bytes for Chunk::new
# Possible reasons:
#   The system is out of physical RAM or swap space
#   In 32 bit mode, the process size limit was hit
# Possible solutions:
#   Reduce memory load on the system
#   Increase physical memory or swap space
#   Check if swap backing store is full
#   Use 64 bit Java on a 64 bit OS
#   Decrease Java heap size (-Xmx/-Xms)
#   Decrease number of Java threads
#   Decrease Java thread stack sizes (-Xss)
#   Set larger code cache with -XX:ReservedCodeCacheSize=
# This output file may be truncated or incomplete.
#
#  Out of Memory Error (allocation.cpp:390), pid=4776, tid=0x0000000000000d1c
#
# JRE version: OpenJDK Runtime Environment (8.0_152-b01) (build 1.8.0_152-release-1248-b01)
# Java VM: OpenJDK 64-Bit Server VM (25.152-b01 mixed mode windows-amd64 compressed oops)
# Failed to write core dump. Minidumps are not enabled by default on client versions of Windows
#

---------------  T H R E A D  ---------------

Current thread (0x0000000015b0b800):  JavaThread "C2 CompilerThread1" daemon [_thread_in_native, id=3356, stack(0x0000000017240000,0x0000000017340000)]

Stack: [0x0000000017240000,0x0000000017340000]
[error occurred during error reporting (printing stack bounds), id 0xc0000005]

Native frames: (J=compiled Java code, j=interpreted, Vv=VM code, C=native code)


Current CompileTask:
C2:3242568 12181   !   4       java.nio.file.FileTreeWalker::next (144 bytes)


---------------  P R O C E S S  ---------------

Java Threads: ( => current thread )
  0x000000001a881000 JavaThread "stdout" daemon [_thread_in_native, id=5372, stack(0x0000000024a90000,0x0000000024b90000)]
  0x000000001a87f800 JavaThread "stderr" daemon [_thread_in_native, id=4536, stack(0x0000000024990000,0x0000000024a90000)]
  0x000000001a87f000 JavaThread "stdout" daemon [_thread_in_native, id=6268, stack(0x0000000024890000,0x0000000024990000)]
  0x000000001a87e000 JavaThread "stderr" daemon [_thread_in_native, id=6320, stack(0x0000000024790000,0x0000000024890000)]
  0x000000001a880800 JavaThread "stdout" daemon [_thread_in_native, id=6112, stack(0x0000000024690000,0x0000000024790000)]
  0x000000001a87b000 JavaThread "stderr" daemon [_thread_in_native, id=6072, stack(0x0000000023420000,0x0000000023520000)]
  0x000000001a87d800 JavaThread "pool-11-thread-1" [_thread_blocked, id=6488, stack(0x0000000023320000,0x0000000023420000)]
  0x000000001a878800 JavaThread "MarlinRenderer Disposer" daemon [_thread_blocked, id=3928, stack(0x00000000235c0000,0x00000000236c0000)]
  0x000000001a879800 JavaThread "Java2D Disposer" daemon [_thread_blocked, id=5832, stack(0x0000000022f30000,0x0000000023030000)]
  0x000000001a87a000 JavaThread "ForkJoinPool.commonPool-worker-3" daemon [_thread_blocked, id=3024, stack(0x0000000022c30000,0x0000000022d30000)]
  0x000000001a872800 JavaThread "ForkJoinPool.commonPool-worker-2" daemon [_thread_blocked, id=548, stack(0x0000000022b30000,0x0000000022c30000)]
  0x000000001a878000 JavaThread "ForkJoinPool.commonPool-worker-1" daemon [_thread_blocked, id=6204, stack(0x0000000022a30000,0x0000000022b30000)]
  0x000000001a876800 JavaThread "Cache worker for Build Output Cleanup Cache (E:\Calculator\.gradle\buildOutputCleanup)" [_thread_blocked, id=4904, stack(0x0000000022730000,0x0000000022830000)]
  0x000000001a875800 JavaThread "Cache worker for task history cache (E:\Calculator\.gradle\4.10.1\taskHistory)" [_thread_blocked, id=140, stack(0x0000000022630000,0x0000000022730000)]
  0x000000001a875000 JavaThread "Task worker for ':' Thread 3" [_thread_blocked, id=1456, stack(0x0000000022530000,0x0000000022630000)]
  0x000000001a874000 JavaThread "Task worker for ':' Thread 2" [_thread_blocked, id=6088, stack(0x0000000022220000,0x0000000022320000)]
  0x000000001aeba800 JavaThread "Task worker for ':'" [_thread_blocked, id=832, stack(0x0000000022120000,0x0000000022220000)]
  0x000000001aebe800 JavaThread "Cache worker for file content cache (E:\Calculator\.gradle\4.10.1\fileContent)" [_thread_blocked, id=4464, stack(0x0000000022020000,0x0000000022120000)]
  0x000000001aebc000 JavaThread "Cache worker for file content cache (C:\Users\bca1\.gradle\caches\4.10.1\fileContent)" [_thread_blocked, id=3720, stack(0x0000000021f20000,0x0000000022020000)]
  0x000000001af00000 JavaThread "pool-10-thread-1" [_thread_blocked, id=6720, stack(0x0000000021c20000,0x0000000021d20000)]
  0x000000001aefd000 JavaThread "Build operations Thread 4" [_thread_blocked, id=4600, stack(0x000000001fc20000,0x000000001fd20000)]
  0x000000001aeff800 JavaThread "Build operations Thread 3" [_thread_blocked, id=3668, stack(0x000000001fb20000,0x000000001fc20000)]
  0x000000001af01000 JavaThread "Build operations Thread 2" [_thread_blocked, id=3328, stack(0x000000001f780000,0x000000001f880000)]
  0x000000001aefe800 JavaThread "Build operations" [_thread_blocked, id=6740, stack(0x000000001dfa0000,0x000000001e0a0000)]
  0x000000001aefc800 JavaThread "Cache worker for cache directory md-rule (C:\Users\bca1\.gradle\caches\4.10.1\md-rule)" [_thread_blocked, id=4624, stack(0x000000001dda0000,0x000000001dea0000)]
  0x000000001aef3800 JavaThread "Cache worker for cache directory md-supplier (C:\Users\bca1\.gradle\caches\4.10.1\md-supplier)" [_thread_blocked, id=7160, stack(0x000000001c5d0000,0x000000001c6d0000)]
  0x000000001aef6800 JavaThread "Cache worker for file hash cache (E:\Calculator\.gradle\4.10.1\fileHashes)" [_thread_in_Java, id=7084, stack(0x000000001a130000,0x000000001a230000)]
  0x000000001aef8800 JavaThread "Stdin handler" [_thread_blocked, id=1076, stack(0x000000001a030000,0x000000001a130000)]
  0x000000001aef9800 JavaThread "Asynchronous log dispatcher for DefaultDaemonConnection: socket connection from /127.0.0.1:50073 to /127.0.0.1:51602" [_thread_blocked, id=5068, stack(0x0000000019d30000,0x0000000019e30000)]
  0x000000001aef5800 JavaThread "Daemon worker Thread 4" [_thread_in_native, id=4824, stack(0x0000000019a30000,0x0000000019b30000)]
  0x000000001aef8000 JavaThread "Cancel handler" [_thread_blocked, id=1480, stack(0x00000000005a0000,0x00000000006a0000)]
  0x000000001aef2800 JavaThread "Handler for socket connection from /127.0.0.1:50073 to /127.0.0.1:51602" [_thread_in_native, id=4984, stack(0x00000000004a0000,0x00000000005a0000)]
  0x000000001aef2000 JavaThread "Daemon Thread 4" [_thread_blocked, id=1380, stack(0x00000000003a0000,0x00000000004a0000)]
  0x000000001aefb800 JavaThread "Memory manager" [_thread_blocked, id=6984, stack(0x0000000021320000,0x0000000021420000)]
  0x000000001aebd000 JavaThread "Cache worker for Artifact transforms cache (C:\Users\bca1\.gradle\caches\transforms-1)" [_thread_blocked, id=1788, stack(0x000000001f280000,0x000000001f380000)]
  0x000000001aebb800 JavaThread "Cache worker for journal cache (C:\Users\bca1\.gradle\caches\journal-1)" [_thread_blocked, id=6664, stack(0x000000001d6a0000,0x000000001d7a0000)]
  0x000000001af3b000 JavaThread "File lock request listener" [_thread_in_native, id=4368, stack(0x000000001c4d0000,0x000000001c5d0000)]
  0x0000000018c44000 JavaThread "Cache worker for file hash cache (C:\Users\bca1\.gradle\caches\4.10.1\fileHashes)" [_thread_blocked, id=6692, stack(0x000000001c3d0000,0x000000001c4d0000)]
  0x0000000018691000 JavaThread "Daemon periodic checks" [_thread_blocked, id=4908, stack(0x0000000019930000,0x0000000019a30000)]
  0x000000001868f000 JavaThread "Incoming local TCP Connector on port 50073" [_thread_in_native, id=5476, stack(0x0000000019750000,0x0000000019850000)]
  0x0000000017470800 JavaThread "Service Thread" daemon [_thread_blocked, id=6012, stack(0x0000000017840000,0x0000000017940000)]
  0x0000000015b0f000 JavaThread "C1 CompilerThread2" daemon [_thread_blocked, id=2420, stack(0x0000000017340000,0x0000000017440000)]
=>0x0000000015b0b800 JavaThread "C2 CompilerThread1" daemon [_thread_in_native, id=3356, stack(0x0000000017240000,0x0000000017340000)]
  0x0000000015b19000 JavaThread "C2 CompilerThread0" daemon [_thread_in_native, id=1768, stack(0x0000000017140000,0x0000000017240000)]
  0x0000000015b16800 JavaThread "Attach Listener" daemon [_thread_blocked, id=6484, stack(0x0000000017040000,0x0000000017140000)]
  0x0000000015b15800 JavaThread "Signal Dispatcher" daemon [_thread_blocked, id=5116, stack(0x0000000016f40000,0x0000000017040000)]
  0x000000000219b800 JavaThread "Finalizer" daemon [_thread_blocked, id=2792, stack(0x0000000016d60000,0x0000000016e60000)]
  0x0000000002190800 JavaThread "Reference Handler" daemon [_thread_blocked, id=5148, stack(0x0000000016c60000,0x0000000016d60000)]
  0x0000000001f9e000 JavaThread "main" [_thread_blocked, id=1904, stack(0x0000000001fa0000,0x00000000020a0000)]

Other Threads:
  0x0000000015ad5000 VMThread [stack: 0x0000000016b60000,0x0000000016c60000] [id=6836]
  0x0000000017471000 WatcherThread [stack: 0x0000000017940000,0x0000000017a40000] [id=384]

VM state:not at safepoint (normal execution)

VM Mutex/Monitor currently owned by a thread: None

Heap:
 PSYoungGen      total 301056K, used 258533K [0x00000000e0000000, 0x00000000f8f00000, 0x0000000100000000)
  eden space 283648K, 87% used [0x00000000e0000000,0x00000000ef21ec50,0x00000000f1500000)
  from space 17408K, 60% used [0x00000000f1500000,0x00000000f1f5a998,0x00000000f2600000)
  to   space 17408K, 0% used [0x00000000f7e00000,0x00000000f7e00000,0x00000000f8f00000)
 ParOldGen       total 69120K, used 32725K [0x00000000a0000000, 0x00000000a4380000, 0x00000000e0000000)
  object space 69120K, 47% used [0x00000000a0000000,0x00000000a1ff57a0,0x00000000a4380000)
 Metaspace       used 76635K, capacity 79226K, committed 79360K, reserved 1118208K
  class space    used 9845K, capacity 10485K, committed 10496K, reserved 1048576K

Card table byte_map: [0x0000000011560000,0x0000000011870000] byte_map_base: 0x0000000011060000

Marking Bits: (ParMarkBitMap*) 0x0000000056135aa0
 Begin Bits: [0x0000000011e70000, 0x0000000013670000)
 End Bits:   [0x0000000013670000, 0x0000000014e70000)

Polling page: 0x0000000001e80000

CodeCache: size=245760Kb used=34772Kb max_used=34772Kb free=210987Kb
 bounds [0x00000000021a0000, 0x00000000043c0000, 0x00000000111a0000]
 total_blobs=11549 nmethods=10583 adapters=878
 compilation: enabled

Compilation events (10 events):
Event: 3241.754 Thread 0x0000000015b0f000 12193       3       org.gradle.internal.io.NullOutputStream::write (1 bytes)
Event: 3241.754 Thread 0x0000000015b0f000 nmethod 12193 0x00000000043a5c90 code [0x00000000043a5de0, 0x00000000043a5f30]
Event: 3241.754 Thread 0x0000000015b0f000 12194       3       org.gradle.internal.hash.Hashing$MessageDigestHasher::putBytes (15 bytes)
Event: 3241.754 Thread 0x0000000015b0f000 nmethod 12194 0x00000000043b0ad0 code [0x00000000043b0c60, 0x00000000043b0fd8]
Event: 3241.757 Thread 0x0000000015b0f000 12195       1       org.gradle.internal.fingerprint.impl.AbsolutePathFingerprintingStrategy::access$000 (5 bytes)
Event: 3241.757 Thread 0x0000000015b0f000 nmethod 12195 0x00000000043a5910 code [0x00000000043a5a60, 0x00000000043a5b50]
Event: 3241.763 Thread 0x0000000015b0f000 12196       3       org.gradle.cache.internal.btree.BlockPointer::start (4 bytes)
Event: 3241.763 Thread 0x0000000015b0f000 nmethod 12196 0x00000000043b1190 code [0x00000000043b12e0, 0x00000000043b1410]
Event: 3241.766 Thread 0x0000000015b0f000 12197       3       java.nio.file.FileTreeWalker$Event::<init> (9 bytes)
Event: 3241.766 Thread 0x0000000015b0f000 nmethod 12197 0x00000000043b1490 code [0x00000000043b1600, 0x00000000043b1870]

GC Heap History (10 events):
Event: 12.022 GC heap before
{Heap before GC invocations=14 (full 2):
 PSYoungGen      total 140800K, used 140799K [0x00000000e0000000, 0x00000000edb00000, 0x0000000100000000)
  eden space 129536K, 100% used [0x00000000e0000000,0x00000000e7e80000,0x00000000e7e80000)
  from space 11264K, 99% used [0x00000000e7e80000,0x00000000e897fc10,0x00000000e8980000)
  to   space 15360K, 0% used [0x00000000ecc00000,0x00000000ecc00000,0x00000000edb00000)
 ParOldGen       total 46080K, used 20995K [0x00000000a0000000, 0x00000000a2d00000, 0x00000000e0000000)
  object space 46080K, 45% used [0x00000000a0000000,0x00000000a1480d68,0x00000000a2d00000)
 Metaspace       used 57083K, capacity 58638K, committed 58752K, reserved 1099776K
  class space    used 7844K, capacity 8275K, committed 8320K, reserved 1048576K
Event: 12.050 GC heap after
Heap after GC invocations=14 (full 2):
 PSYoungGen      total 206848K, used 12717K [0x00000000e0000000, 0x00000000edb00000, 0x0000000100000000)
  eden space 191488K, 0% used [0x00000000e0000000,0x00000000e0000000,0x00000000ebb00000)
  from space 15360K, 82% used [0x00000000ecc00000,0x00000000ed86b490,0x00000000edb00000)
  to   space 16384K, 0% used [0x00000000ebb00000,0x00000000ebb00000,0x00000000ecb00000)
 ParOldGen       total 46080K, used 30014K [0x00000000a0000000, 0x00000000a2d00000, 0x00000000e0000000)
  object space 46080K, 65% used [0x00000000a0000000,0x00000000a1d4fbf0,0x00000000a2d00000)
 Metaspace       used 57083K, capacity 58638K, committed 58752K, reserved 1099776K
  class space    used 7844K, capacity 8275K, committed 8320K, reserved 1048576K
}
Event: 12.098 GC heap before
{Heap before GC invocations=15 (full 2):
 PSYoungGen      total 206848K, used 19921K [0x00000000e0000000, 0x00000000edb00000, 0x0000000100000000)
  eden space 191488K, 3% used [0x00000000e0000000,0x00000000e07091c8,0x00000000ebb00000)
  from space 15360K, 82% used [0x00000000ecc00000,0x00000000ed86b490,0x00000000edb00000)
  to   space 16384K, 0% used [0x00000000ebb00000,0x00000000ebb00000,0x00000000ecb00000)
 ParOldGen       total 46080K, used 30014K [0x00000000a0000000, 0x00000000a2d00000, 0x00000000e0000000)
  object space 46080K, 65% used [0x00000000a0000000,0x00000000a1d4fbf0,0x00000000a2d00000)
 Metaspace       used 57385K, capacity 58988K, committed 59136K, reserved 1099776K
  class space    used 7904K, capacity 8344K, committed 8448K, reserved 1048576K
Event: 12.106 GC heap after
Heap after GC invocations=15 (full 2):
 PSYoungGen      total 207872K, used 544K [0x00000000e0000000, 0x00000000f3d00000, 0x0000000100000000)
  eden space 191488K, 0% used [0x00000000e0000000,0x00000000e0000000,0x00000000ebb00000)
  from space 16384K, 3% used [0x00000000ebb00000,0x00000000ebb88000,0x00000000ecb00000)
  to   space 16896K, 0% used [0x00000000f2c80000,0x00000000f2c80000,0x00000000f3d00000)
 ParOldGen       total 46080K, used 35175K [0x00000000a0000000, 0x00000000a2d00000, 0x00000000e0000000)
  object space 46080K, 76% used [0x00000000a0000000,0x00000000a2259f40,0x00000000a2d00000)
 Metaspace       used 57385K, capacity 58988K, committed 59136K, reserved 1099776K
  class space    used 7904K, capacity 8344K, committed 8448K, reserved 1048576K
}
Event: 12.106 GC heap before
{Heap before GC invocations=16 (full 3):
 PSYoungGen      total 207872K, used 544K [0x00000000e0000000, 0x00000000f3d00000, 0x0000000100000000)
  eden space 191488K, 0% used [0x00000000e0000000,0x00000000e0000000,0x00000000ebb00000)
  from space 16384K, 3% used [0x00000000ebb00000,0x00000000ebb88000,0x00000000ecb00000)
  to   space 16896K, 0% used [0x00000000f2c80000,0x00000000f2c80000,0x00000000f3d00000)
 ParOldGen       total 46080K, used 35175K [0x00000000a0000000, 0x00000000a2d00000, 0x00000000e0000000)
  object space 46080K, 76% used [0x00000000a0000000,0x00000000a2259f40,0x00000000a2d00000)
 Metaspace       used 57385K, capacity 58988K, committed 59136K, reserved 1099776K
  class space    used 7904K, capacity 8344K, committed 8448K, reserved 1048576K
Event: 12.264 GC heap after
Heap after GC invocations=16 (full 3):
 PSYoungGen      total 207872K, used 0K [0x00000000e0000000, 0x00000000f3d00000, 0x0000000100000000)
  eden space 191488K, 0% used [0x00000000e0000000,0x00000000e0000000,0x00000000ebb00000)
  from space 16384K, 0% used [0x00000000ebb00000,0x00000000ebb00000,0x00000000ecb00000)
  to   space 16896K, 0% used [0x00000000f2c80000,0x00000000f2c80000,0x00000000f3d00000)
 ParOldGen       total 69120K, used 28585K [0x00000000a0000000, 0x00000000a4380000, 0x00000000e0000000)
  object space 69120K, 41% used [0x00000000a0000000,0x00000000a1bea650,0x00000000a4380000)
 Metaspace       used 57385K, capacity 58988K, committed 59136K, reserved 1099776K
  class space    used 7904K, capacity 8344K, committed 8448K, reserved 1048576K
}
Event: 376.629 GC heap before
{Heap before GC invocations=17 (full 3):
 PSYoungGen      total 207872K, used 191488K [0x00000000e0000000, 0x00000000f3d00000, 0x0000000100000000)
  eden space 191488K, 100% used [0x00000000e0000000,0x00000000ebb00000,0x00000000ebb00000)
  from space 16384K, 0% used [0x00000000ebb00000,0x00000000ebb00000,0x00000000ecb00000)
  to   space 16896K, 0% used [0x00000000f2c80000,0x00000000f2c80000,0x00000000f3d00000)
 ParOldGen       total 69120K, used 28585K [0x00000000a0000000, 0x00000000a4380000, 0x00000000e0000000)
  object space 69120K, 41% used [0x00000000a0000000,0x00000000a1bea650,0x00000000a4380000)
 Metaspace       used 64907K, capacity 66824K, committed 67072K, reserved 1107968K
  class space    used 8666K, capacity 9181K, committed 9216K, reserved 1048576K
Event: 376.687 GC heap after
Heap after GC invocations=17 (full 3):
 PSYoungGen      total 282112K, used 10709K [0x00000000e0000000, 0x00000000f3700000, 0x0000000100000000)
  eden space 271360K, 0% used [0x00000000e0000000,0x00000000e0000000,0x00000000f0900000)
  from space 10752K, 99% used [0x00000000f2c80000,0x00000000f36f5468,0x00000000f3700000)
  to   space 17408K, 0% used [0x00000000f1500000,0x00000000f1500000,0x00000000f2600000)
 ParOldGen       total 69120K, used 28593K [0x00000000a0000000, 0x00000000a4380000, 0x00000000e0000000)
  object space 69120K, 41% used [0x00000000a0000000,0x00000000a1bec650,0x00000000a4380000)
 Metaspace       used 64907K, capacity 66824K, committed 67072K, reserved 1107968K
  class space    used 8666K, capacity 9181K, committed 9216K, reserved 1048576K
}
Event: 1638.157 GC heap before
{Heap before GC invocations=18 (full 3):
 PSYoungGen      total 282112K, used 282069K [0x00000000e0000000, 0x00000000f3700000, 0x0000000100000000)
  eden space 271360K, 100% used [0x00000000e0000000,0x00000000f0900000,0x00000000f0900000)
  from space 10752K, 99% used [0x00000000f2c80000,0x00000000f36f5468,0x00000000f3700000)
  to   space 17408K, 0% used [0x00000000f1500000,0x00000000f1500000,0x00000000f2600000)
 ParOldGen       total 69120K, used 28593K [0x00000000a0000000, 0x00000000a4380000, 0x00000000e0000000)
  object space 69120K, 41% used [0x00000000a0000000,0x00000000a1bec650,0x00000000a4380000)
 Metaspace       used 72060K, capacity 74584K, committed 74880K, reserved 1114112K
  class space    used 9402K, capacity 10006K, committed 10112K, reserved 1048576K
Event: 1638.215 GC heap after
Heap after GC invocations=18 (full 3):
 PSYoungGen      total 301056K, used 10602K [0x00000000e0000000, 0x00000000f8f00000, 0x0000000100000000)
  eden space 283648K, 0% used [0x00000000e0000000,0x00000000e0000000,0x00000000f1500000)
  from space 17408K, 60% used [0x00000000f1500000,0x00000000f1f5a998,0x00000000f2600000)
  to   space 17408K, 0% used [0x00000000f7e00000,0x00000000f7e00000,0x00000000f8f00000)
 ParOldGen       total 69120K, used 32725K [0x00000000a0000000, 0x00000000a4380000, 0x00000000e0000000)
  object space 69120K, 47% used [0x00000000a0000000,0x00000000a1ff57a0,0x00000000a4380000)
 Metaspace       used 72060K, capacity 74584K, committed 74880K, reserved 1114112K
  class space    used 9402K, capacity 10006K, committed 10112K, reserved 1048576K
}

Deoptimization events (10 events):
Event: 3240.761 Thread 0x000000001aef5800 Uncommon trap: reason=bimorphic action=maybe_recompile pc=0x00000000040d2a74 method=com.sun.org.apache.xerces.internal.dom.ParentNode.checkNormalizationAfterInsert(Lcom/sun/org/apache/xerces/internal/dom/ChildNode;)V @ 23
Event: 3240.767 Thread 0x000000001aef5800 Uncommon trap: reason=class_check action=maybe_recompile pc=0x0000000004197344 method=com.sun.org.apache.xerces.internal.dom.ElementImpl.getAttributes()Lorg/w3c/dom/NamedNodeMap; @ 8
Event: 3240.776 Thread 0x000000001aef5800 Uncommon trap: reason=class_check action=maybe_recompile pc=0x0000000004197344 method=com.sun.org.apache.xerces.internal.dom.ElementImpl.getAttributes()Lorg/w3c/dom/NamedNodeMap; @ 8
Event: 3240.776 Thread 0x000000001aef5800 Uncommon trap: reason=class_check action=maybe_recompile pc=0x0000000004197344 method=com.sun.org.apache.xerces.internal.dom.ElementImpl.getAttributes()Lorg/w3c/dom/NamedNodeMap; @ 8
Event: 3240.776 Thread 0x000000001aef5800 Uncommon trap: reason=class_check action=maybe_recompile pc=0x0000000004197344 method=com.sun.org.apache.xerces.internal.dom.ElementImpl.getAttributes()Lorg/w3c/dom/NamedNodeMap; @ 8
Event: 3240.782 Thread 0x000000001aef5800 Uncommon trap: reason=unstable_if action=reinterpret pc=0x0000000003608fc4 method=com.android.utils.XmlUtils.toXmlAttributeValue(Ljava/lang/String;)Ljava/lang/String; @ 33
Event: 3240.782 Thread 0x000000001aef5800 Uncommon trap: reason=unstable_if action=reinterpret pc=0x00000000041c4338 method=com.android.utils.XmlUtils.toXmlAttributeValue(Ljava/lang/String;)Ljava/lang/String; @ 33
Event: 3240.794 Thread 0x000000001aef5800 Uncommon trap: reason=unstable_if action=reinterpret pc=0x0000000003603ad8 method=com.android.utils.XmlUtils.append(Lcom/android/utils/XmlUtils$PositionAwareStringBuilder;Lorg/w3c/dom/Node;Ljava/util/Map;)V @ 450
Event: 3240.798 Thread 0x000000001aef5800 Uncommon trap: reason=unstable_if action=reinterpret pc=0x000000000430b0bc method=sun.nio.cs.UTF_8$Encoder.encodeArrayLoop(Ljava/nio/CharBuffer;Ljava/nio/ByteBuffer;)Ljava/nio/charset/CoderResult; @ 175
Event: 3240.799 Thread 0x000000001aef5800 Uncommon trap: reason=unstable_if action=reinterpret pc=0x00000000041f60c8 method=sun.nio.cs.UTF_8$Encoder.encodeArrayLoop(Ljava/nio/CharBuffer;Ljava/nio/ByteBuffer;)Ljava/nio/charset/CoderResult; @ 400

Classes redefined (0 events):
No events

Internal exceptions (10 events):
Event: 3238.437 Thread 0x000000001aef5800 Exception <a 'sun/nio/fs/WindowsException'> (0x00000000e84ba348) thrown at [D:\src\AOSP-openjdk-cygwin\jdk8u\hotspot\src\share\vm\prims\jni.cpp, line 709]
Event: 3238.537 Thread 0x000000001aef5800 Exception <a 'java/lang/NoSuchMethodError': <clinit>> (0x00000000e853ca78) thrown at [D:\src\AOSP-openjdk-cygwin\jdk8u\hotspot\src\share\vm\prims\jni.cpp, line 1613]
Event: 3238.538 Thread 0x000000001aef5800 Exception <a 'java/lang/NoSuchMethodError': <clinit>> (0x00000000e8547700) thrown at [D:\src\AOSP-openjdk-cygwin\jdk8u\hotspot\src\share\vm\prims\jni.cpp, line 1613]
Event: 3238.541 Thread 0x000000001aef5800 Exception <a 'java/lang/NoSuchMethodError': <clinit>> (0x00000000e85640d0) thrown at [D:\src\AOSP-openjdk-cygwin\jdk8u\hotspot\src\share\vm\prims\jni.cpp, line 1613]
Event: 3238.543 Thread 0x000000001aef5800 Exception <a 'java/lang/NoSuchMethodError': <clinit>> (0x00000000e85725e0) thrown at [D:\src\AOSP-openjdk-cygwin\jdk8u\hotspot\src\share\vm\prims\jni.cpp, line 1613]
Event: 3238.546 Thread 0x000000001aef5800 Exception <a 'sun/nio/fs/WindowsException'> (0x00000000e857b480) thrown at [D:\src\AOSP-openjdk-cygwin\jdk8u\hotspot\src\share\vm\prims\jni.cpp, line 709]
Event: 3240.054 Thread 0x000000001aef5800 Implicit null exception at 0x00000000041a3097 to 0x00000000041a33dd
Event: 3240.212 Thread 0x000000001a87a000 Exception <a 'java/io/FileNotFoundException'> (0x00000000ecd9a1d0) thrown at [D:\src\AOSP-openjdk-cygwin\jdk8u\hotspot\src\share\vm\prims\jni.cpp, line 709]
Event: 3240.288 Thread 0x000000001a87a000 Exception <a 'java/io/FileNotFoundException'> (0x00000000ecdb8808) thrown at [D:\src\AOSP-openjdk-cygwin\jdk8u\hotspot\src\share\vm\prims\jni.cpp, line 709]
Event: 3240.794 Thread 0x000000001aef5800 Implicit null exception at 0x000000000360615a to 0x0000000003603aad

Events (10 events):
Event: 3241.035 loading class com/android/builder/internal/aapt/AaptException
Event: 3241.035 loading class com/android/builder/internal/aapt/AaptException done
Event: 3241.035 loading class com/android/builder/internal/aapt/v2/AaptV2CommandBuilder
Event: 3241.035 loading class com/android/builder/internal/aapt/v2/AaptV2CommandBuilder done
Event: 3241.039 loading class com/android/builder/internal/aapt/v2/Aapt2DaemonImpl$WaitForTaskCompletion$Result$Succeeded
Event: 3241.039 loading class com/android/builder/internal/aapt/v2/Aapt2DaemonImpl$WaitForTaskCompletion$Result$Succeeded done
Event: 3241.039 loading class com/android/builder/internal/aapt/v2/Aapt2DaemonImpl$WaitForTaskCompletion$Result
Event: 3241.039 loading class com/android/builder/internal/aapt/v2/Aapt2DaemonImpl$WaitForTaskCompletion$Result done
Event: 3241.055 Thread 0x000000001a872800 DEOPT PACKING pc=0x000000000435a573 sp=0x0000000022c2e740
Event: 3241.055 Thread 0x000000001a872800 DEOPT UNPACKING pc=0x00000000021e75d0 sp=0x0000000022c2e530 mode 0


Dynamic libraries:
0x00007ff6ccf00000 - 0x00007ff6ccf31000 	C:\Program Files\Android\Android Studio\jre\bin\java.exe
0x00007ff983b90000 - 0x00007ff983d52000 	C:\Windows\SYSTEM32\ntdll.dll
0x00007ff9839b0000 - 0x00007ff983a5d000 	C:\Windows\system32\KERNEL32.DLL
0x00007ff981080000 - 0x00007ff98125d000 	C:\Windows\system32\KERNELBASE.dll
0x00007ff9815a0000 - 0x00007ff981646000 	C:\Windows\system32\ADVAPI32.dll
0x00007ff9819b0000 - 0x00007ff981a4d000 	C:\Windows\system32\msvcrt.dll
0x00007ff981540000 - 0x00007ff98159b000 	C:\Windows\system32\sechost.dll
0x00007ff983a60000 - 0x00007ff983b86000 	C:\Windows\system32\RPCRT4.dll
0x00007ff9813f0000 - 0x00007ff98153e000 	C:\Windows\system32\USER32.dll
0x00007ff981670000 - 0x00007ff9817f5000 	C:\Windows\system32\GDI32.dll
0x00007ff969d00000 - 0x00007ff969f74000 	C:\Windows\WinSxS\amd64_microsoft.windows.common-controls_6595b64144ccf1df_6.0.10240.16384_none_f41f7b285750ef43\COMCTL32.dll
0x00007ff983970000 - 0x00007ff9839a6000 	C:\Windows\system32\IMM32.DLL
0x00007ff981d30000 - 0x00007ff981e8c000 	C:\Windows\system32\MSCTF.dll
0x0000000055890000 - 0x0000000055962000 	C:\Program Files\Android\Android Studio\jre\jre\bin\msvcr100.dll
0x0000000055970000 - 0x00000000561b1000 	C:\Program Files\Android\Android Studio\jre\jre\bin\server\jvm.dll
0x00007ff983960000 - 0x00007ff983968000 	C:\Windows\system32\PSAPI.DLL
0x00007ff973220000 - 0x00007ff97322a000 	C:\Windows\SYSTEM32\VERSION.dll
0x00007ff96ab50000 - 0x00007ff96ab73000 	C:\Windows\SYSTEM32\WINMM.dll
0x00007ff975180000 - 0x00007ff975189000 	C:\Windows\SYSTEM32\WSOCK32.dll
0x00007ff981380000 - 0x00007ff9813e9000 	C:\Windows\system32\WS2_32.dll
0x00007ff981370000 - 0x00007ff981378000 	C:\Windows\system32\NSI.dll
0x00007ff96ab20000 - 0x00007ff96ab4c000 	C:\Windows\SYSTEM32\WINMMBASE.dll
0x00007ff980e60000 - 0x00007ff980ea4000 	C:\Windows\system32\cfgmgr32.dll
0x00007ff97ef30000 - 0x00007ff97ef57000 	C:\Windows\SYSTEM32\DEVOBJ.dll
0x00007ff97da00000 - 0x00007ff97da0f000 	C:\Program Files\Android\Android Studio\jre\jre\bin\verify.dll
0x00007ff97d9d0000 - 0x00007ff97d9f9000 	C:\Program Files\Android\Android Studio\jre\jre\bin\java.dll
0x00007ff97d9b0000 - 0x00007ff97d9c6000 	C:\Program Files\Android\Android Studio\jre\jre\bin\zip.dll
0x00007ff982430000 - 0x00007ff983955000 	C:\Windows\system32\SHELL32.dll
0x00007ff980830000 - 0x00007ff980e58000 	C:\Windows\system32\windows.storage.dll
0x00007ff981f80000 - 0x00007ff9821fc000 	C:\Windows\system32\combase.dll
0x00007ff9823d0000 - 0x00007ff982421000 	C:\Windows\system32\shlwapi.dll
0x00007ff980650000 - 0x00007ff98065f000 	C:\Windows\system32\kernel.appcore.dll
0x00007ff980eb0000 - 0x00007ff980f63000 	C:\Windows\system32\shcore.dll
0x00007ff9805e0000 - 0x00007ff98062a000 	C:\Windows\system32\powrprof.dll
0x00007ff9805c0000 - 0x00007ff9805d3000 	C:\Windows\system32\profapi.dll
0x00007ff97d990000 - 0x00007ff97d9aa000 	C:\Program Files\Android\Android Studio\jre\jre\bin\net.dll
0x00007ff97fe30000 - 0x00007ff97fe8d000 	C:\Windows\system32\mswsock.dll
0x00007ff97b9e0000 - 0x00007ff97b9f1000 	C:\Program Files\Android\Android Studio\jre\jre\bin\nio.dll
0x00007ff960eb0000 - 0x00007ff960ece000 	C:\Users\bca1\.gradle\native\25\windows-amd64\native-platform.dll
0x00007ff97d970000 - 0x00007ff97d97d000 	C:\Program Files\Android\Android Studio\jre\jre\bin\management.dll
0x00007ff97fe90000 - 0x00007ff97fea7000 	C:\Windows\SYSTEM32\CRYPTSP.dll
0x00007ff980100000 - 0x00007ff980128000 	C:\Windows\SYSTEM32\bcrypt.dll
0x00007ff97fae0000 - 0x00007ff97fb13000 	C:\Windows\system32\rsaenh.dll
0x00007ff97fbd0000 - 0x00007ff97fbef000 	C:\Windows\SYSTEM32\USERENV.dll
0x00007ff980410000 - 0x00007ff98047b000 	C:\Windows\system32\bcryptprimitives.dll
0x00007ff980000000 - 0x00007ff98000b000 	C:\Windows\SYSTEM32\CRYPTBASE.dll
0x00007ff97e0e0000 - 0x00007ff97e118000 	C:\Windows\SYSTEM32\IPHLPAPI.DLL
0x00007ff97e0d0000 - 0x00007ff97e0db000 	C:\Windows\SYSTEM32\WINNSI.DLL
0x00007ff97d140000 - 0x00007ff97d156000 	C:\Windows\SYSTEM32\dhcpcsvc6.DLL
0x00007ff97d120000 - 0x00007ff97d13a000 	C:\Windows\SYSTEM32\dhcpcsvc.DLL
0x00007ff976660000 - 0x00007ff976684000 	C:\Program Files\Android\Android Studio\jre\jre\bin\sunec.dll
0x00007ff97fbf0000 - 0x00007ff97fc98000 	C:\Windows\SYSTEM32\DNSAPI.dll
0x00007ff977510000 - 0x00007ff97751a000 	C:\Windows\System32\rasadhlp.dll
0x00007ff97d170000 - 0x00007ff97d1d8000 	C:\Windows\System32\fwpuclnt.dll
0x00007ff97b920000 - 0x00007ff97b92b000 	C:\Program Files\Android\Android Studio\jre\jre\bin\sunmscapi.dll
0x00007ff980660000 - 0x00007ff980821000 	C:\Windows\system32\CRYPT32.dll
0x00007ff980630000 - 0x00007ff980641000 	C:\Windows\system32\MSASN1.dll
0x00007ff976690000 - 0x00007ff976827000 	C:\Program Files\Android\Android Studio\jre\jre\bin\awt.dll
0x00007ff981c00000 - 0x00007ff981cbe000 	C:\Windows\system32\OLEAUT32.dll
0x00007ff975420000 - 0x00007ff975965000 	C:\Windows\SYSTEM32\d2d1.dll
0x00007ff97e980000 - 0x00007ff97e9f8000 	C:\Windows\system32\apphelp.dll
0x00007ff97d2e0000 - 0x00007ff97d302000 	C:\Windows\system32\DWMAPI.DLL
0x00007ff97ee90000 - 0x00007ff97ef26000 	C:\Windows\system32\uxtheme.dll

VM Arguments:
jvm_args: -Xmx1536m -Dfile.encoding=windows-1252 -Duser.country=US -Duser.language=en -Duser.variant 
java_command: org.gradle.launcher.daemon.bootstrap.GradleDaemon 4.10.1
java_class_path (initial): C:\Users\bca1\.gradle\wrapper\dists\gradle-4.10.1-all\455itskqi2qtf0v2sja68alqd\gradle-4.10.1\lib\gradle-launcher-4.10.1.jar
Launcher Type: SUN_STANDARD

Environment Variables:
PATH=C:\Program Files (x86)\Common Files\Oracle\Java\javapath;C:\ProgramData\Oracle\Java\javapath;C:\Windows\system32;C:\Windows;C:\Windows\System32\Wbem;C:\Windows\System32\WindowsPowerShell\v1.0\;C:\java\jdk\bin;C:\Program Files\nodejs\;C:\Program Files\Microsoft SQL Server\120\DTS\Binn\;C:\Program Files\Microsoft SQL Server\Client SDK\ODBC\110\Tools\Binn\;C:\Program Files (x86)\Microsoft SQL Server\120\Tools\Binn\;C:\Program Files\Microsoft SQL Server\120\Tools\Binn\;C:\Program Files (x86)\Microsoft SQL Server\120\Tools\Binn\ManagementStudio\;C:\Program Files (x86)\Microsoft SQL Server\120\DTS\Binn\;C:\Windows\system32\config\systemprofile\.dnx\bin;C:\Program Files\Microsoft DNX\Dnvm\;C:\Program Files\Microsoft SQL Server\130\Tools\Binn\;C:\Users\bca1\AppData\Local\Programs\Python\Python36-32\Scripts\;C:\Users\bca1\AppData\Local\Programs\Python\Python36-32\;C:\Users\bca1\AppData\Local\Programs\Microsoft VS Code\bin;C:\Users\bca1\AppData\Local\Programs\Git\cmd
USERNAME=bca1
OS=Windows_NT
PROCESSOR_IDENTIFIER=Intel64 Family 6 Model 158 Stepping 9, GenuineIntel



---------------  S Y S T E M  ---------------

OS: Windows 10.0 , 64 bit Build 10240 (10.0.10240.16384)

CPU:total 4 (initial active 4) (4 cores per cpu, 1 threads per core) family 6 model 158 stepping 9, cmov, cx8, fxsr, mmx, sse, sse2, sse3, ssse3, sse4.1, sse4.2, popcnt, avx, avx2, aes, clmul, erms, 3dnowpref, lzcnt, tsc, tscinvbit, bmi1, bmi2, adx

Memory: 4k page, physical 4099580k(654280k free), swap 5529084k(4556k free)

vm_info: OpenJDK 64-Bit Server VM (25.152-b01) for windows-amd64 JRE (1.8.0_152-release-1248-b01), built by "builder" with MS VC++ 10.0 (VS2010)

time: Mon Apr 08 12:40:07 2019
elapsed time: 3241 seconds (0d 0h 54m 1s)

