#
# There is insufficient memory for the Java Runtime Environment to continue.
# Native memory allocation (malloc) failed to allocate 1055696 bytes for Chunk::new
# Possible reasons:
#   The system is out of physical RAM or swap space
#   In 32 bit mode, the process size limit was hit
# Possible solutions:
#   Reduce memory load on the system
#   Increase physical memory or swap space
#   Check if swap backing store is full
#   Use 64 bit Java on a 64 bit OS
#   Decrease Java heap size (-Xmx/-Xms)
#   Decrease number of Java threads
#   Decrease Java thread stack sizes (-Xss)
#   Set larger code cache with -XX:ReservedCodeCacheSize=
# This output file may be truncated or incomplete.
#
#  Out of Memory Error (allocation.cpp:390), pid=2996, tid=0x0000000000000304
#
# JRE version: OpenJDK Runtime Environment (8.0_152-b01) (build 1.8.0_152-release-1248-b01)
# Java VM: OpenJDK 64-Bit Server VM (25.152-b01 mixed mode windows-amd64 compressed oops)
# Failed to write core dump. Minidumps are not enabled by default on client versions of Windows
#

---------------  T H R E A D  ---------------

Current thread (0x00000000165cf800):  JavaThread "C2 CompilerThread1" daemon [_thread_in_native, id=772, stack(0x0000000017d10000,0x0000000017e10000)]

Stack: [0x0000000017d10000,0x0000000017e10000]
[error occurred during error reporting (printing stack bounds), id 0xc0000005]

Native frames: (J=compiled Java code, j=interpreted, Vv=VM code, C=native code)


Current CompileTask:
C2:  23909 15137   !   4       java.io.ObjectOutputStream::writeObject0 (619 bytes)


---------------  P R O C E S S  ---------------

Java Threads: ( => current thread )
  0x0000000021119000 JavaThread "ForkJoinPool.commonPool-worker-0" daemon [_thread_blocked, id=6864, stack(0x0000000023ea0000,0x0000000023fa0000)]
  0x000000001870b000 JavaThread "Cache worker for Java compile cache (E:\Calculator\.gradle\4.10.1\javaCompile)" [_thread_blocked, id=6120, stack(0x0000000024e80000,0x0000000024f80000)]
  0x000000001870a800 JavaThread "Cache worker for Java compile cache (C:\Users\bca1\.gradle\caches\4.10.1\javaCompile)" [_thread_blocked, id=4536, stack(0x0000000023fa0000,0x00000000240a0000)]
  0x0000000018703800 JavaThread "stdout" daemon [_thread_in_native, id=5272, stack(0x0000000024b80000,0x0000000024c80000)]
  0x0000000018707800 JavaThread "stderr" daemon [_thread_in_native, id=3004, stack(0x0000000024a80000,0x0000000024b80000)]
  0x0000000018709800 JavaThread "stdout" daemon [_thread_in_native, id=7068, stack(0x0000000024980000,0x0000000024a80000)]
  0x0000000018705000 JavaThread "stderr" daemon [_thread_in_native, id=4944, stack(0x0000000024880000,0x0000000024980000)]
  0x0000000018706800 JavaThread "stdout" daemon [_thread_in_native, id=4760, stack(0x0000000024780000,0x0000000024880000)]
  0x0000000018706000 JavaThread "stderr" daemon [_thread_in_native, id=4216, stack(0x0000000024680000,0x0000000024780000)]
  0x0000000021120800 JavaThread "pool-2-thread-1" [_thread_blocked, id=3796, stack(0x0000000024580000,0x0000000024680000)]
  0x000000002111f000 JavaThread "MarlinRenderer Disposer" daemon [_thread_blocked, id=5600, stack(0x0000000024480000,0x0000000024580000)]
  0x000000002111b800 JavaThread "Java2D Disposer" daemon [_thread_blocked, id=5200, stack(0x00000000240a0000,0x00000000241a0000)]
  0x000000002111e800 JavaThread "ForkJoinPool.commonPool-worker-1" daemon [_thread_blocked, id=4812, stack(0x0000000023da0000,0x0000000023ea0000)]
  0x000000002111d800 JavaThread "Cache worker for Build Output Cleanup Cache (E:\Calculator\.gradle\buildOutputCleanup)" [_thread_blocked, id=664, stack(0x0000000023aa0000,0x0000000023ba0000)]
  0x000000002111d000 JavaThread "Cache worker for task history cache (E:\Calculator\.gradle\4.10.1\taskHistory)" [_thread_blocked, id=3284, stack(0x00000000239a0000,0x0000000023aa0000)]
  0x000000002111c000 JavaThread "Task worker for ':' Thread 3" [_thread_blocked, id=1200, stack(0x00000000236a0000,0x00000000237a0000)]
  0x0000000021114800 JavaThread "Task worker for ':' Thread 2" [_thread_blocked, id=1904, stack(0x00000000235a0000,0x00000000236a0000)]
  0x0000000021117000 JavaThread "Task worker for ':'" [_thread_blocked, id=2420, stack(0x0000000023320000,0x0000000023420000)]
  0x0000000021113000 JavaThread "Cache worker for file content cache (E:\Calculator\.gradle\4.10.1\fileContent)" [_thread_blocked, id=1768, stack(0x00000000234a0000,0x00000000235a0000)]
  0x0000000021116000 JavaThread "Cache worker for file content cache (C:\Users\bca1\.gradle\caches\4.10.1\fileContent)" [_thread_blocked, id=3664, stack(0x00000000225e0000,0x00000000226e0000)]
  0x0000000021118800 JavaThread "Memory manager" [_thread_blocked, id=2804, stack(0x0000000021fb0000,0x00000000220b0000)]
  0x0000000021112800 JavaThread "pool-1-thread-1" [_thread_blocked, id=1700, stack(0x00000000220e0000,0x00000000221e0000)]
  0x0000000019bf5800 JavaThread "Build operations Thread 4" [_thread_blocked, id=6504, stack(0x0000000020830000,0x0000000020930000)]
  0x0000000019bfa000 JavaThread "Build operations Thread 3" [_thread_blocked, id=6204, stack(0x0000000020730000,0x0000000020830000)]
  0x0000000019bf9000 JavaThread "Build operations Thread 2" [_thread_blocked, id=6692, stack(0x0000000020630000,0x0000000020730000)]
  0x0000000019bf4800 JavaThread "Build operations" [_thread_blocked, id=6080, stack(0x0000000020090000,0x0000000020190000)]
  0x0000000019bf4000 JavaThread "Cache worker for Artifact transforms cache (C:\Users\bca1\.gradle\caches\transforms-1)" [_thread_blocked, id=7052, stack(0x000000001ff90000,0x0000000020090000)]
  0x0000000019bf7800 JavaThread "Cache worker for cache directory md-rule (C:\Users\bca1\.gradle\caches\4.10.1\md-rule)" [_thread_blocked, id=1240, stack(0x000000001ebe0000,0x000000001ece0000)]
  0x0000000019bf6000 JavaThread "Cache worker for cache directory md-supplier (C:\Users\bca1\.gradle\caches\4.10.1\md-supplier)" [_thread_blocked, id=2792, stack(0x000000001d6a0000,0x000000001d7a0000)]
  0x0000000019bf7000 JavaThread "Cache worker for journal cache (C:\Users\bca1\.gradle\caches\journal-1)" [_thread_blocked, id=5500, stack(0x000000001c1d0000,0x000000001c2d0000)]
  0x0000000019bf2000 JavaThread "Cache worker for file hash cache (E:\Calculator\.gradle\4.10.1\fileHashes)" [_thread_in_native, id=5084, stack(0x000000001c0d0000,0x000000001c1d0000)]
  0x000000001aea8000 JavaThread "File lock request listener" [_thread_in_native, id=1492, stack(0x000000001bfd0000,0x000000001c0d0000)]
  0x000000001b095000 JavaThread "Cache worker for file hash cache (C:\Users\bca1\.gradle\caches\4.10.1\fileHashes)" [_thread_blocked, id=5828, stack(0x000000001bed0000,0x000000001bfd0000)]
  0x00000000193cb800 JavaThread "Stdin handler" [_thread_blocked, id=2204, stack(0x000000001aa00000,0x000000001ab00000)]
  0x0000000019415800 JavaThread "Asynchronous log dispatcher for DefaultDaemonConnection: socket connection from /127.0.0.1:51627 to /127.0.0.1:51628" [_thread_blocked, id=4560, stack(0x000000001a900000,0x000000001aa00000)]
  0x0000000019414800 JavaThread "Daemon worker" [_thread_blocked, id=6216, stack(0x000000001a800000,0x000000001a900000)]
  0x00000000193c8000 JavaThread "Cancel handler" [_thread_blocked, id=6836, stack(0x000000001a700000,0x000000001a800000)]
  0x00000000193b2800 JavaThread "Handler for socket connection from /127.0.0.1:51627 to /127.0.0.1:51628" [_thread_in_native, id=4408, stack(0x000000001a600000,0x000000001a700000)]
  0x0000000019664000 JavaThread "Daemon" [_thread_blocked, id=4356, stack(0x000000001a500000,0x000000001a600000)]
  0x000000001965e800 JavaThread "Daemon periodic checks" [_thread_blocked, id=5148, stack(0x000000001a400000,0x000000001a500000)]
  0x00000000194c5000 JavaThread "Incoming local TCP Connector on port 51627" [_thread_in_native, id=3764, stack(0x000000001a220000,0x000000001a320000)]
  0x0000000017f30800 JavaThread "Service Thread" daemon [_thread_blocked, id=5552, stack(0x0000000018310000,0x0000000018410000)]
  0x00000000165d3000 JavaThread "C1 CompilerThread2" daemon [_thread_blocked, id=4984, stack(0x0000000017e10000,0x0000000017f10000)]
=>0x00000000165cf800 JavaThread "C2 CompilerThread1" daemon [_thread_in_native, id=772, stack(0x0000000017d10000,0x0000000017e10000)]
  0x00000000165cc000 JavaThread "C2 CompilerThread0" daemon [_thread_in_native, id=2148, stack(0x0000000017c10000,0x0000000017d10000)]
  0x00000000165ca000 JavaThread "Attach Listener" daemon [_thread_blocked, id=4784, stack(0x0000000017b10000,0x0000000017c10000)]
  0x00000000165c8800 JavaThread "Signal Dispatcher" daemon [_thread_blocked, id=6868, stack(0x0000000017a10000,0x0000000017b10000)]
  0x0000000002c5b800 JavaThread "Finalizer" daemon [_thread_blocked, id=5276, stack(0x0000000017830000,0x0000000017930000)]
  0x0000000002c50800 JavaThread "Reference Handler" daemon [_thread_blocked, id=6664, stack(0x0000000017730000,0x0000000017830000)]
  0x0000000002b5e000 JavaThread "main" [_thread_blocked, id=5356, stack(0x00000000029c0000,0x0000000002ac0000)]

Other Threads:
  0x0000000016595000 VMThread [stack: 0x0000000017630000,0x0000000017730000] [id=4608]
  0x000000001662c800 WatcherThread [stack: 0x0000000018410000,0x0000000018510000] [id=6552]

VM state:not at safepoint (normal execution)

VM Mutex/Monitor currently owned by a thread: None

Heap:
 PSYoungGen      total 245760K, used 100240K [0x00000000e0000000, 0x00000000f1100000, 0x0000000100000000)
  eden space 217088K, 44% used [0x00000000e0000000,0x00000000e5d92658,0x00000000ed400000)
  from space 28672K, 15% used [0x00000000ed400000,0x00000000ed851a98,0x00000000ef000000)
  to   space 25600K, 0% used [0x00000000ef000000,0x00000000ef000000,0x00000000f0900000)
 ParOldGen       total 94720K, used 52117K [0x00000000a0000000, 0x00000000a5c80000, 0x00000000e0000000)
  object space 94720K, 55% used [0x00000000a0000000,0x00000000a32e56d8,0x00000000a5c80000)
 Metaspace       used 81292K, capacity 83938K, committed 84096K, reserved 1122304K
  class space    used 10487K, capacity 11054K, committed 11136K, reserved 1048576K

Card table byte_map: [0x0000000012020000,0x0000000012330000] byte_map_base: 0x0000000011b20000

Marking Bits: (ParMarkBitMap*) 0x0000000056135aa0
 Begin Bits: [0x0000000012930000, 0x0000000014130000)
 End Bits:   [0x0000000014130000, 0x0000000015930000)

Polling page: 0x00000000029a0000

CodeCache: size=245760Kb used=40609Kb max_used=40620Kb free=205150Kb
 bounds [0x0000000002c60000, 0x0000000005440000, 0x0000000011c60000]
 total_blobs=13959 nmethods=12998 adapters=872
 compilation: enabled

Compilation events (10 events):
Event: 23.802 Thread 0x00000000165cf800 15136       4       java.io.ObjectStreamClass::requireInitialized (18 bytes)
Event: 23.802 Thread 0x00000000165cf800 nmethod 15136 0x00000000048a18d0 code [0x00000000048a1a00, 0x00000000048a1a78]
Event: 23.802 Thread 0x00000000165cf800 15137   !   4       java.io.ObjectOutputStream::writeObject0 (619 bytes)
Event: 23.810 Thread 0x00000000165cc000 nmethod 15132 0x0000000005434250 code [0x0000000005434440, 0x0000000005435028]
Event: 23.810 Thread 0x00000000165cc000 15138       4       java.nio.ByteBuffer::allocate (22 bytes)
Event: 23.811 Thread 0x00000000165cc000 nmethod 15138 0x00000000049de550 code [0x00000000049de6a0, 0x00000000049de858]
Event: 23.849 Thread 0x00000000165cc000 15139       4       java.util.ArrayDeque::removeFirst (19 bytes)
Event: 23.850 Thread 0x00000000165cc000 nmethod 15139 0x000000000542c810 code [0x000000000542c940, 0x000000000542c9f8]
Event: 23.882 Thread 0x00000000165cc000 15140       4       java.util.regex.Pattern$Node::study (21 bytes)
Event: 23.883 Thread 0x00000000165cc000 nmethod 15140 0x0000000005053d10 code [0x0000000005053e60, 0x0000000005053ef8]

GC Heap History (10 events):
Event: 18.074 GC heap before
{Heap before GC invocations=22 (full 3):
 PSYoungGen      total 242688K, used 237992K [0x00000000e0000000, 0x00000000f1100000, 0x0000000100000000)
  eden space 217088K, 100% used [0x00000000e0000000,0x00000000ed400000,0x00000000ed400000)
  from space 25600K, 81% used [0x00000000ef000000,0x00000000f046a3d8,0x00000000f0900000)
  to   space 28672K, 0% used [0x00000000ed400000,0x00000000ed400000,0x00000000ef000000)
 ParOldGen       total 94720K, used 39600K [0x00000000a0000000, 0x00000000a5c80000, 0x00000000e0000000)
  object space 94720K, 41% used [0x00000000a0000000,0x00000000a26ac170,0x00000000a5c80000)
 Metaspace       used 77474K, capacity 79476K, committed 79744K, reserved 1118208K
  class space    used 10047K, capacity 10531K, committed 10624K, reserved 1048576K
Event: 18.092 GC heap after
Heap after GC invocations=22 (full 3):
 PSYoungGen      total 245760K, used 22631K [0x00000000e0000000, 0x00000000f1100000, 0x0000000100000000)
  eden space 217088K, 0% used [0x00000000e0000000,0x00000000e0000000,0x00000000ed400000)
  from space 28672K, 78% used [0x00000000ed400000,0x00000000eea19d40,0x00000000ef000000)
  to   space 25600K, 0% used [0x00000000ef000000,0x00000000ef000000,0x00000000f0900000)
 ParOldGen       total 94720K, used 39600K [0x00000000a0000000, 0x00000000a5c80000, 0x00000000e0000000)
  object space 94720K, 41% used [0x00000000a0000000,0x00000000a26ac170,0x00000000a5c80000)
 Metaspace       used 77474K, capacity 79476K, committed 79744K, reserved 1118208K
  class space    used 10047K, capacity 10531K, committed 10624K, reserved 1048576K
}
Event: 18.793 GC heap before
{Heap before GC invocations=23 (full 3):
 PSYoungGen      total 245760K, used 239719K [0x00000000e0000000, 0x00000000f1100000, 0x0000000100000000)
  eden space 217088K, 100% used [0x00000000e0000000,0x00000000ed400000,0x00000000ed400000)
  from space 28672K, 78% used [0x00000000ed400000,0x00000000eea19d40,0x00000000ef000000)
  to   space 25600K, 0% used [0x00000000ef000000,0x00000000ef000000,0x00000000f0900000)
 ParOldGen       total 94720K, used 39600K [0x00000000a0000000, 0x00000000a5c80000, 0x00000000e0000000)
  object space 94720K, 41% used [0x00000000a0000000,0x00000000a26ac170,0x00000000a5c80000)
 Metaspace       used 78674K, capacity 80968K, committed 81152K, reserved 1120256K
  class space    used 10182K, capacity 10701K, committed 10752K, reserved 1048576K
Event: 18.808 GC heap after
Heap after GC invocations=23 (full 3):
 PSYoungGen      total 242688K, used 7704K [0x00000000e0000000, 0x00000000f1100000, 0x0000000100000000)
  eden space 217088K, 0% used [0x00000000e0000000,0x00000000e0000000,0x00000000ed400000)
  from space 25600K, 30% used [0x00000000ef000000,0x00000000ef786130,0x00000000f0900000)
  to   space 28672K, 0% used [0x00000000ed400000,0x00000000ed400000,0x00000000ef000000)
 ParOldGen       total 94720K, used 49167K [0x00000000a0000000, 0x00000000a5c80000, 0x00000000e0000000)
  object space 94720K, 51% used [0x00000000a0000000,0x00000000a3003fe8,0x00000000a5c80000)
 Metaspace       used 78674K, capacity 80968K, committed 81152K, reserved 1120256K
  class space    used 10182K, capacity 10701K, committed 10752K, reserved 1048576K
}
Event: 19.711 GC heap before
{Heap before GC invocations=24 (full 3):
 PSYoungGen      total 242688K, used 224792K [0x00000000e0000000, 0x00000000f1100000, 0x0000000100000000)
  eden space 217088K, 100% used [0x00000000e0000000,0x00000000ed400000,0x00000000ed400000)
  from space 25600K, 30% used [0x00000000ef000000,0x00000000ef786130,0x00000000f0900000)
  to   space 28672K, 0% used [0x00000000ed400000,0x00000000ed400000,0x00000000ef000000)
 ParOldGen       total 94720K, used 49167K [0x00000000a0000000, 0x00000000a5c80000, 0x00000000e0000000)
  object space 94720K, 51% used [0x00000000a0000000,0x00000000a3003fe8,0x00000000a5c80000)
 Metaspace       used 78749K, capacity 81052K, committed 81152K, reserved 1120256K
  class space    used 10183K, capacity 10703K, committed 10752K, reserved 1048576K
Event: 19.721 GC heap after
Heap after GC invocations=24 (full 3):
 PSYoungGen      total 245760K, used 7717K [0x00000000e0000000, 0x00000000f1100000, 0x0000000100000000)
  eden space 217088K, 0% used [0x00000000e0000000,0x00000000e0000000,0x00000000ed400000)
  from space 28672K, 26% used [0x00000000ed400000,0x00000000edb895c8,0x00000000ef000000)
  to   space 25600K, 0% used [0x00000000ef000000,0x00000000ef000000,0x00000000f0900000)
 ParOldGen       total 94720K, used 49175K [0x00000000a0000000, 0x00000000a5c80000, 0x00000000e0000000)
  object space 94720K, 51% used [0x00000000a0000000,0x00000000a3005fe8,0x00000000a5c80000)
 Metaspace       used 78749K, capacity 81052K, committed 81152K, reserved 1120256K
  class space    used 10183K, capacity 10703K, committed 10752K, reserved 1048576K
}
Event: 20.954 GC heap before
{Heap before GC invocations=25 (full 3):
 PSYoungGen      total 245760K, used 223682K [0x00000000e0000000, 0x00000000f1100000, 0x0000000100000000)
  eden space 217088K, 99% used [0x00000000e0000000,0x00000000ed2e7470,0x00000000ed400000)
  from space 28672K, 26% used [0x00000000ed400000,0x00000000edb895c8,0x00000000ef000000)
  to   space 25600K, 0% used [0x00000000ef000000,0x00000000ef000000,0x00000000f0900000)
 ParOldGen       total 94720K, used 49175K [0x00000000a0000000, 0x00000000a5c80000, 0x00000000e0000000)
  object space 94720K, 51% used [0x00000000a0000000,0x00000000a3005fe8,0x00000000a5c80000)
 Metaspace       used 79399K, capacity 81758K, committed 82048K, reserved 1120256K
  class space    used 10251K, capacity 10790K, committed 10880K, reserved 1048576K
Event: 21.003 GC heap after
Heap after GC invocations=25 (full 3):
 PSYoungGen      total 242688K, used 25590K [0x00000000e0000000, 0x00000000f1100000, 0x0000000100000000)
  eden space 217088K, 0% used [0x00000000e0000000,0x00000000e0000000,0x00000000ed400000)
  from space 25600K, 99% used [0x00000000ef000000,0x00000000f08fd8c0,0x00000000f0900000)
  to   space 28672K, 0% used [0x00000000ed400000,0x00000000ed400000,0x00000000ef000000)
 ParOldGen       total 94720K, used 49677K [0x00000000a0000000, 0x00000000a5c80000, 0x00000000e0000000)
  object space 94720K, 52% used [0x00000000a0000000,0x00000000a30836c8,0x00000000a5c80000)
 Metaspace       used 79399K, capacity 81758K, committed 82048K, reserved 1120256K
  class space    used 10251K, capacity 10790K, committed 10880K, reserved 1048576K
}
Event: 22.525 GC heap before
{Heap before GC invocations=26 (full 3):
 PSYoungGen      total 242688K, used 242678K [0x00000000e0000000, 0x00000000f1100000, 0x0000000100000000)
  eden space 217088K, 100% used [0x00000000e0000000,0x00000000ed400000,0x00000000ed400000)
  from space 25600K, 99% used [0x00000000ef000000,0x00000000f08fd8c0,0x00000000f0900000)
  to   space 28672K, 0% used [0x00000000ed400000,0x00000000ed400000,0x00000000ef000000)
 ParOldGen       total 94720K, used 49677K [0x00000000a0000000, 0x00000000a5c80000, 0x00000000e0000000)
  object space 94720K, 52% used [0x00000000a0000000,0x00000000a30836c8,0x00000000a5c80000)
 Metaspace       used 80831K, capacity 83370K, committed 83456K, reserved 1122304K
  class space    used 10426K, capacity 10978K, committed 11008K, reserved 1048576K
Event: 22.533 GC heap after
Heap after GC invocations=26 (full 3):
 PSYoungGen      total 245760K, used 4422K [0x00000000e0000000, 0x00000000f1100000, 0x0000000100000000)
  eden space 217088K, 0% used [0x00000000e0000000,0x00000000e0000000,0x00000000ed400000)
  from space 28672K, 15% used [0x00000000ed400000,0x00000000ed851a98,0x00000000ef000000)
  to   space 25600K, 0% used [0x00000000ef000000,0x00000000ef000000,0x00000000f0900000)
 ParOldGen       total 94720K, used 52117K [0x00000000a0000000, 0x00000000a5c80000, 0x00000000e0000000)
  object space 94720K, 55% used [0x00000000a0000000,0x00000000a32e56d8,0x00000000a5c80000)
 Metaspace       used 80831K, capacity 83370K, committed 83456K, reserved 1122304K
  class space    used 10426K, capacity 10978K, committed 11008K, reserved 1048576K
}

Deoptimization events (10 events):
Event: 23.069 Thread 0x0000000021117000 Uncommon trap: reason=unstable_if action=reinterpret pc=0x0000000003c596f8 method=java.io.ObjectOutputStream$HandleTable.assign(Ljava/lang/Object;)I @ 24
Event: 23.069 Thread 0x0000000021117000 Uncommon trap: reason=unstable_if action=reinterpret pc=0x00000000035c4d9c method=java.io.ObjectOutputStream$BlockDataOutputStream.writeBytes(Ljava/lang/String;)V @ 22
Event: 23.639 Thread 0x0000000021117000 Uncommon trap: reason=unstable_if action=reinterpret pc=0x0000000002e69a3c method=java.lang.String.indexOf([CII[CIII)I @ 27
Event: 23.673 Thread 0x0000000021117000 Uncommon trap: reason=class_check action=maybe_recompile pc=0x00000000053d9f50 method=com.android.tools.build.apkzlib.zip.CentralDirectoryHeader.getCompressionInfoWithWait()Lcom/android/tools/build/apkzlib/zip/CentralDirectoryHeaderCompressInfo; @ 4
Event: 23.673 Thread 0x0000000021117000 Uncommon trap: reason=class_check action=maybe_recompile pc=0x00000000053d9f50 method=com.android.tools.build.apkzlib.zip.CentralDirectoryHeader.getCompressionInfoWithWait()Lcom/android/tools/build/apkzlib/zip/CentralDirectoryHeaderCompressInfo; @ 4
Event: 23.676 Thread 0x0000000021117000 Uncommon trap: reason=class_check action=maybe_recompile pc=0x00000000053d9f50 method=com.android.tools.build.apkzlib.zip.CentralDirectoryHeader.getCompressionInfoWithWait()Lcom/android/tools/build/apkzlib/zip/CentralDirectoryHeaderCompressInfo; @ 4
Event: 23.677 Thread 0x0000000021117000 Uncommon trap: reason=unstable_if action=reinterpret pc=0x0000000005429378 method=com.android.builder.files.RelativeFile.equals(Ljava/lang/Object;)Z @ 39
Event: 23.679 Thread 0x0000000021117000 Uncommon trap: reason=class_check action=maybe_recompile pc=0x00000000053d9f50 method=com.android.tools.build.apkzlib.zip.CentralDirectoryHeader.getCompressionInfoWithWait()Lcom/android/tools/build/apkzlib/zip/CentralDirectoryHeaderCompressInfo; @ 4
Event: 23.802 Thread 0x0000000021117000 Uncommon trap: reason=unstable_if action=reinterpret pc=0x0000000003e60650 method=java.io.ObjectOutputStream$HandleTable.assign(Ljava/lang/Object;)I @ 24
Event: 23.802 Thread 0x0000000021117000 Uncommon trap: reason=bimorphic action=maybe_recompile pc=0x00000000037af2b0 method=java.io.ObjectOutputStream$BlockDataOutputStream.drain()V @ 36

Classes redefined (0 events):
No events

Internal exceptions (10 events):
Event: 21.604 Thread 0x000000002111e800 Exception <a 'sun/nio/fs/WindowsException'> (0x00000000e6b8a268) thrown at [D:\src\AOSP-openjdk-cygwin\jdk8u\hotspot\src\share\vm\prims\jni.cpp, line 709]
Event: 21.605 Thread 0x000000002111e800 Exception <a 'sun/nio/fs/WindowsException'> (0x00000000e6bcf670) thrown at [D:\src\AOSP-openjdk-cygwin\jdk8u\hotspot\src\share\vm\prims\jni.cpp, line 709]
Event: 21.785 Thread 0x000000002111a000 Exception <a 'sun/nio/fs/WindowsException'> (0x00000000e71270a0) thrown at [D:\src\AOSP-openjdk-cygwin\jdk8u\hotspot\src\share\vm\prims\jni.cpp, line 709]
Event: 21.814 Thread 0x000000002111a000 Implicit null exception at 0x0000000004a5c911 to 0x0000000004a5cd7d
Event: 22.168 Thread 0x0000000018711000 Exception <a 'sun/nio/fs/WindowsException'> (0x00000000ec71cc70) thrown at [D:\src\AOSP-openjdk-cygwin\jdk8u\hotspot\src\share\vm\prims\jni.cpp, line 709]
Event: 22.370 Thread 0x0000000021117000 Exception <a 'sun/nio/fs/WindowsException'> (0x00000000ecc8bc60) thrown at [D:\src\AOSP-openjdk-cygwin\jdk8u\hotspot\src\share\vm\prims\jni.cpp, line 709]
Event: 22.381 Thread 0x0000000021117000 Exception <a 'java/lang/NoSuchMethodError': java.lang.Object.lambda$asRunnable$0(Lcom/android/tools/build/apkzlib/utils/IOExceptionRunnable;)V> (0x00000000ecd105e8) thrown at [D:\src\AOSP-openjdk-cygwin\jdk8u\hotspot\src\share\vm\interpreter\linkResolver.
Event: 22.406 Thread 0x0000000021117000 Exception <a 'java/lang/NoSuchMethodError': java.lang.Object.newSystemTemporaryDirectory()Lcom/android/tools/build/apkzlib/bytestorage/TemporaryDirectory;> (0x00000000ece60b48) thrown at [D:\src\AOSP-openjdk-cygwin\jdk8u\hotspot\src\share\vm\interpreter\l
Event: 23.067 Thread 0x0000000021117000 Exception <a 'java/lang/NoSuchMethodError': <clinit>> (0x00000000e168f288) thrown at [D:\src\AOSP-openjdk-cygwin\jdk8u\hotspot\src\share\vm\prims\jni.cpp, line 1613]
Event: 23.501 Thread 0x0000000021117000 Exception <a 'sun/nio/fs/WindowsException'> (0x00000000e1ca3cc0) thrown at [D:\src\AOSP-openjdk-cygwin\jdk8u\hotspot\src\share\vm\prims\jni.cpp, line 709]

Events (10 events):
Event: 23.800 loading class com/google/common/collect/ImmutableSet$SerializedForm
Event: 23.800 loading class com/google/common/collect/ImmutableSet$SerializedForm done
Event: 23.802 Thread 0x0000000021117000 Uncommon trap: trap_request=0xffffff65 fr.pc=0x0000000003e60650
Event: 23.802 Thread 0x0000000021117000 DEOPT PACKING pc=0x0000000003e60650 sp=0x000000002341c5a0
Event: 23.802 Thread 0x0000000021117000 DEOPT UNPACKING pc=0x0000000002ca557b sp=0x000000002341c578 mode 2
Event: 23.802 Thread 0x0000000021117000 Uncommon trap: trap_request=0xffffffc6 fr.pc=0x00000000037af2b0
Event: 23.802 Thread 0x0000000021117000 DEOPT PACKING pc=0x00000000037af2b0 sp=0x000000002341c430
Event: 23.802 Thread 0x0000000021117000 DEOPT UNPACKING pc=0x0000000002ca557b sp=0x000000002341c348 mode 2
Event: 23.885 Executing VM operation: ForceSafepoint
Event: 23.886 Executing VM operation: ForceSafepoint done


Dynamic libraries:
0x00007ff6ccf00000 - 0x00007ff6ccf31000 	C:\Program Files\Android\Android Studio\jre\bin\java.exe
0x00007ff983b90000 - 0x00007ff983d52000 	C:\Windows\SYSTEM32\ntdll.dll
0x00007ff9839b0000 - 0x00007ff983a5d000 	C:\Windows\system32\KERNEL32.DLL
0x00007ff981080000 - 0x00007ff98125d000 	C:\Windows\system32\KERNELBASE.dll
0x00007ff9815a0000 - 0x00007ff981646000 	C:\Windows\system32\ADVAPI32.dll
0x00007ff9819b0000 - 0x00007ff981a4d000 	C:\Windows\system32\msvcrt.dll
0x00007ff981540000 - 0x00007ff98159b000 	C:\Windows\system32\sechost.dll
0x00007ff983a60000 - 0x00007ff983b86000 	C:\Windows\system32\RPCRT4.dll
0x00007ff9813f0000 - 0x00007ff98153e000 	C:\Windows\system32\USER32.dll
0x00007ff981670000 - 0x00007ff9817f5000 	C:\Windows\system32\GDI32.dll
0x00007ff969d00000 - 0x00007ff969f74000 	C:\Windows\WinSxS\amd64_microsoft.windows.common-controls_6595b64144ccf1df_6.0.10240.16384_none_f41f7b285750ef43\COMCTL32.dll
0x00007ff983970000 - 0x00007ff9839a6000 	C:\Windows\system32\IMM32.DLL
0x00007ff981d30000 - 0x00007ff981e8c000 	C:\Windows\system32\MSCTF.dll
0x0000000056840000 - 0x0000000056912000 	C:\Program Files\Android\Android Studio\jre\jre\bin\msvcr100.dll
0x0000000055970000 - 0x00000000561b1000 	C:\Program Files\Android\Android Studio\jre\jre\bin\server\jvm.dll
0x00007ff983960000 - 0x00007ff983968000 	C:\Windows\system32\PSAPI.DLL
0x00007ff975180000 - 0x00007ff975189000 	C:\Windows\SYSTEM32\WSOCK32.dll
0x00007ff973220000 - 0x00007ff97322a000 	C:\Windows\SYSTEM32\VERSION.dll
0x00007ff96ab50000 - 0x00007ff96ab73000 	C:\Windows\SYSTEM32\WINMM.dll
0x00007ff981380000 - 0x00007ff9813e9000 	C:\Windows\system32\WS2_32.dll
0x00007ff981370000 - 0x00007ff981378000 	C:\Windows\system32\NSI.dll
0x00007ff96ab20000 - 0x00007ff96ab4c000 	C:\Windows\SYSTEM32\WINMMBASE.dll
0x00007ff980e60000 - 0x00007ff980ea4000 	C:\Windows\system32\cfgmgr32.dll
0x00007ff97ef30000 - 0x00007ff97ef57000 	C:\Windows\SYSTEM32\DEVOBJ.dll
0x00007ff97da00000 - 0x00007ff97da0f000 	C:\Program Files\Android\Android Studio\jre\jre\bin\verify.dll
0x00007ff97d9d0000 - 0x00007ff97d9f9000 	C:\Program Files\Android\Android Studio\jre\jre\bin\java.dll
0x00007ff97d9b0000 - 0x00007ff97d9c6000 	C:\Program Files\Android\Android Studio\jre\jre\bin\zip.dll
0x00007ff982430000 - 0x00007ff983955000 	C:\Windows\system32\SHELL32.dll
0x00007ff980830000 - 0x00007ff980e58000 	C:\Windows\system32\windows.storage.dll
0x00007ff981f80000 - 0x00007ff9821fc000 	C:\Windows\system32\combase.dll
0x00007ff9823d0000 - 0x00007ff982421000 	C:\Windows\system32\shlwapi.dll
0x00007ff980650000 - 0x00007ff98065f000 	C:\Windows\system32\kernel.appcore.dll
0x00007ff980eb0000 - 0x00007ff980f63000 	C:\Windows\system32\shcore.dll
0x00007ff9805e0000 - 0x00007ff98062a000 	C:\Windows\system32\powrprof.dll
0x00007ff9805c0000 - 0x00007ff9805d3000 	C:\Windows\system32\profapi.dll
0x00007ff97d990000 - 0x00007ff97d9aa000 	C:\Program Files\Android\Android Studio\jre\jre\bin\net.dll
0x00007ff97fe30000 - 0x00007ff97fe8d000 	C:\Windows\system32\mswsock.dll
0x00007ff97b9e0000 - 0x00007ff97b9f1000 	C:\Program Files\Android\Android Studio\jre\jre\bin\nio.dll
0x00007ff960eb0000 - 0x00007ff960ece000 	C:\Users\bca1\.gradle\native\25\windows-amd64\native-platform.dll
0x00007ff97d970000 - 0x00007ff97d97d000 	C:\Program Files\Android\Android Studio\jre\jre\bin\management.dll
0x00007ff97fe90000 - 0x00007ff97fea7000 	C:\Windows\SYSTEM32\CRYPTSP.dll
0x00007ff980100000 - 0x00007ff980128000 	C:\Windows\SYSTEM32\bcrypt.dll
0x00007ff97fae0000 - 0x00007ff97fb13000 	C:\Windows\system32\rsaenh.dll
0x00007ff97fbd0000 - 0x00007ff97fbef000 	C:\Windows\SYSTEM32\USERENV.dll
0x00007ff980410000 - 0x00007ff98047b000 	C:\Windows\system32\bcryptprimitives.dll
0x00007ff980000000 - 0x00007ff98000b000 	C:\Windows\SYSTEM32\CRYPTBASE.dll
0x00007ff97e0e0000 - 0x00007ff97e118000 	C:\Windows\SYSTEM32\IPHLPAPI.DLL
0x00007ff97e0d0000 - 0x00007ff97e0db000 	C:\Windows\SYSTEM32\WINNSI.DLL
0x00007ff97d140000 - 0x00007ff97d156000 	C:\Windows\SYSTEM32\dhcpcsvc6.DLL
0x00007ff97d120000 - 0x00007ff97d13a000 	C:\Windows\SYSTEM32\dhcpcsvc.DLL
0x00007ff976690000 - 0x00007ff976827000 	C:\Program Files\Android\Android Studio\jre\jre\bin\awt.dll
0x00007ff981c00000 - 0x00007ff981cbe000 	C:\Windows\system32\OLEAUT32.dll
0x00007ff975420000 - 0x00007ff975965000 	C:\Windows\SYSTEM32\d2d1.dll
0x00007ff97e980000 - 0x00007ff97e9f8000 	C:\Windows\system32\apphelp.dll
0x00007ff97d2e0000 - 0x00007ff97d302000 	C:\Windows\system32\DWMAPI.DLL
0x00007ff97ee90000 - 0x00007ff97ef26000 	C:\Windows\system32\uxtheme.dll

VM Arguments:
jvm_args: -Xmx1536m -Dfile.encoding=windows-1252 -Duser.country=US -Duser.language=en -Duser.variant 
java_command: org.gradle.launcher.daemon.bootstrap.GradleDaemon 4.10.1
java_class_path (initial): C:\Users\bca1\.gradle\wrapper\dists\gradle-4.10.1-all\455itskqi2qtf0v2sja68alqd\gradle-4.10.1\lib\gradle-launcher-4.10.1.jar
Launcher Type: SUN_STANDARD

Environment Variables:
PATH=C:\Program Files (x86)\Common Files\Oracle\Java\javapath;C:\ProgramData\Oracle\Java\javapath;C:\Windows\system32;C:\Windows;C:\Windows\System32\Wbem;C:\Windows\System32\WindowsPowerShell\v1.0\;C:\java\jdk\bin;C:\Program Files\nodejs\;C:\Program Files\Microsoft SQL Server\120\DTS\Binn\;C:\Program Files\Microsoft SQL Server\Client SDK\ODBC\110\Tools\Binn\;C:\Program Files (x86)\Microsoft SQL Server\120\Tools\Binn\;C:\Program Files\Microsoft SQL Server\120\Tools\Binn\;C:\Program Files (x86)\Microsoft SQL Server\120\Tools\Binn\ManagementStudio\;C:\Program Files (x86)\Microsoft SQL Server\120\DTS\Binn\;C:\Windows\system32\config\systemprofile\.dnx\bin;C:\Program Files\Microsoft DNX\Dnvm\;C:\Program Files\Microsoft SQL Server\130\Tools\Binn\;C:\Users\bca1\AppData\Local\Programs\Python\Python36-32\Scripts\;C:\Users\bca1\AppData\Local\Programs\Python\Python36-32\;C:\Users\bca1\AppData\Local\Programs\Microsoft VS Code\bin;C:\Users\bca1\AppData\Local\Programs\Git\cmd
USERNAME=bca1
OS=Windows_NT
PROCESSOR_IDENTIFIER=Intel64 Family 6 Model 158 Stepping 9, GenuineIntel



---------------  S Y S T E M  ---------------

OS: Windows 10.0 , 64 bit Build 10240 (10.0.10240.16384)

CPU:total 4 (initial active 4) (4 cores per cpu, 1 threads per core) family 6 model 158 stepping 9, cmov, cx8, fxsr, mmx, sse, sse2, sse3, ssse3, sse4.1, sse4.2, popcnt, avx, avx2, aes, clmul, erms, 3dnowpref, lzcnt, tsc, tscinvbit, bmi1, bmi2, adx

Memory: 4k page, physical 4099580k(292548k free), swap 5529084k(5948k free)

vm_info: OpenJDK 64-Bit Server VM (25.152-b01) for windows-amd64 JRE (1.8.0_152-release-1248-b01), built by "builder" with MS VC++ 10.0 (VS2010)

time: Mon Apr 08 12:46:35 2019
elapsed time: 23 seconds (0d 0h 0m 23s)

