#
# There is insufficient memory for the Java Runtime Environment to continue.
# Native memory allocation (malloc) failed to allocate 720096 bytes for Chunk::new
# Possible reasons:
#   The system is out of physical RAM or swap space
#   In 32 bit mode, the process size limit was hit
# Possible solutions:
#   Reduce memory load on the system
#   Increase physical memory or swap space
#   Check if swap backing store is full
#   Use 64 bit Java on a 64 bit OS
#   Decrease Java heap size (-Xmx/-Xms)
#   Decrease number of Java threads
#   Decrease Java thread stack sizes (-Xss)
#   Set larger code cache with -XX:ReservedCodeCacheSize=
# This output file may be truncated or incomplete.
#
#  Out of Memory Error (allocation.cpp:390), pid=2392, tid=0x00000000000003e8
#
# JRE version: OpenJDK Runtime Environment (8.0_152-b01) (build 1.8.0_152-release-1248-b01)
# Java VM: OpenJDK 64-Bit Server VM (25.152-b01 mixed mode windows-amd64 compressed oops)
# Failed to write core dump. Minidumps are not enabled by default on client versions of Windows
#

---------------  T H R E A D  ---------------

Current thread (0x000000001612b800):  JavaThread "C2 CompilerThread1" daemon [_thread_in_native, id=1000, stack(0x0000000017860000,0x0000000017960000)]

Stack: [0x0000000017860000,0x0000000017960000]
[error occurred during error reporting (printing stack bounds), id 0xc0000005]

Native frames: (J=compiled Java code, j=interpreted, Vv=VM code, C=native code)


Current CompileTask:
C2:  31553 15269       4       com.android.tools.r8.ir.optimize.PeepholeOptimizer::shareIdenticalBlockSuffix (654 bytes)


---------------  P R O C E S S  ---------------

Java Threads: ( => current thread )
  0x000000001d824800 JavaThread "Cache worker for Java compile cache (E:\Calculator\.gradle\4.10.1\javaCompile)" [_thread_blocked, id=6764, stack(0x0000000024d30000,0x0000000024e30000)]
  0x000000001d820000 JavaThread "Cache worker for Java compile cache (C:\Users\bca1\.gradle\caches\4.10.1\javaCompile)" [_thread_blocked, id=6612, stack(0x0000000023f30000,0x0000000024030000)]
  0x000000001d824000 JavaThread "stdout" daemon [_thread_in_native, id=3956, stack(0x0000000024a30000,0x0000000024b30000)]
  0x000000001d81a000 JavaThread "stderr" daemon [_thread_in_native, id=4888, stack(0x0000000024930000,0x0000000024a30000)]
  0x000000001d821000 JavaThread "stdout" daemon [_thread_in_native, id=5384, stack(0x0000000024830000,0x0000000024930000)]
  0x000000001d81e800 JavaThread "stderr" daemon [_thread_in_native, id=696, stack(0x0000000024730000,0x0000000024830000)]
  0x000000001d819800 JavaThread "stdout" daemon [_thread_in_native, id=7064, stack(0x0000000024630000,0x0000000024730000)]
  0x000000001d81d000 JavaThread "stderr" daemon [_thread_in_native, id=4532, stack(0x0000000024530000,0x0000000024630000)]
  0x000000001d81f800 JavaThread "pool-5-thread-1" [_thread_blocked, id=784, stack(0x0000000024430000,0x0000000024530000)]
  0x000000001d81c800 JavaThread "MarlinRenderer Disposer" daemon [_thread_blocked, id=6844, stack(0x0000000024330000,0x0000000024430000)]
  0x000000001d81e000 JavaThread "Java2D Disposer" daemon [_thread_blocked, id=5988, stack(0x0000000024230000,0x0000000024330000)]
  0x000000001c287800 JavaThread "ForkJoinPool.commonPool-worker-1" daemon [_thread_blocked, id=3324, stack(0x0000000023d30000,0x0000000023e30000)]
  0x000000001c28e000 JavaThread "Cache worker for Build Output Cleanup Cache (E:\Calculator\.gradle\buildOutputCleanup)" [_thread_blocked, id=2020, stack(0x0000000023c30000,0x0000000023d30000)]
  0x000000001c28d800 JavaThread "Cache worker for task history cache (E:\Calculator\.gradle\4.10.1\taskHistory)" [_thread_blocked, id=7032, stack(0x0000000023b30000,0x0000000023c30000)]
  0x000000001c286800 JavaThread "Task worker for ':' Thread 3" [_thread_in_Java, id=7000, stack(0x0000000023a30000,0x0000000023b30000)]
  0x000000001c28c800 JavaThread "Task worker for ':' Thread 2" [_thread_blocked, id=868, stack(0x0000000023930000,0x0000000023a30000)]
  0x000000001c28c000 JavaThread "Task worker for ':'" [_thread_blocked, id=5372, stack(0x0000000023830000,0x0000000023930000)]
  0x000000001c28b000 JavaThread "Cache worker for file content cache (E:\Calculator\.gradle\4.10.1\fileContent)" [_thread_blocked, id=4536, stack(0x0000000023730000,0x0000000023830000)]
  0x000000001c28a800 JavaThread "Cache worker for file content cache (C:\Users\bca1\.gradle\caches\4.10.1\fileContent)" [_thread_blocked, id=6268, stack(0x0000000023630000,0x0000000023730000)]
  0x000000001c289800 JavaThread "pool-4-thread-1" [_thread_blocked, id=6112, stack(0x0000000023330000,0x0000000023430000)]
  0x000000001c289000 JavaThread "Build operations Thread 4" [_thread_blocked, id=6072, stack(0x0000000023230000,0x0000000023330000)]
  0x000000001c27f000 JavaThread "Build operations Thread 3" [_thread_blocked, id=6488, stack(0x0000000021430000,0x0000000021530000)]
  0x000000001c283000 JavaThread "Build operations Thread 2" [_thread_blocked, id=3928, stack(0x0000000021330000,0x0000000021430000)]
  0x000000001c286000 JavaThread "Build operations" [_thread_in_Java, id=5832, stack(0x0000000021230000,0x0000000021330000)]
  0x000000001c280800 JavaThread "Cache worker for cache directory md-rule (C:\Users\bca1\.gradle\caches\4.10.1\md-rule)" [_thread_blocked, id=4904, stack(0x0000000021130000,0x0000000021230000)]
  0x000000001c280000 JavaThread "Cache worker for cache directory md-supplier (C:\Users\bca1\.gradle\caches\4.10.1\md-supplier)" [_thread_blocked, id=140, stack(0x000000001fba0000,0x000000001fca0000)]
  0x000000001c282000 JavaThread "Cache worker for file hash cache (E:\Calculator\.gradle\4.10.1\fileHashes)" [_thread_blocked, id=6088, stack(0x000000001e7c0000,0x000000001e8c0000)]
  0x000000001c284800 JavaThread "Stdin handler" [_thread_blocked, id=832, stack(0x000000001e5c0000,0x000000001e6c0000)]
  0x000000001af38000 JavaThread "Asynchronous log dispatcher for DefaultDaemonConnection: socket connection from /127.0.0.1:51607 to /127.0.0.1:51618" [_thread_blocked, id=5068, stack(0x000000001cbf0000,0x000000001ccf0000)]
  0x000000001af3f000 JavaThread "Cancel handler" [_thread_blocked, id=7084, stack(0x000000001a750000,0x000000001a850000)]
  0x000000001af3d800 JavaThread "Handler for socket connection from /127.0.0.1:51607 to /127.0.0.1:51618" [_thread_in_native, id=1480, stack(0x000000001a650000,0x000000001a750000)]
  0x000000001c285000 JavaThread "Memory manager" [_thread_blocked, id=3084, stack(0x0000000022b30000,0x0000000022c30000)]
  0x000000001af39800 JavaThread "Cache worker for Artifact transforms cache (C:\Users\bca1\.gradle\caches\transforms-1)" [_thread_blocked, id=4992, stack(0x000000001f8a0000,0x000000001f9a0000)]
  0x000000001af3e000 JavaThread "Cache worker for journal cache (C:\Users\bca1\.gradle\caches\journal-1)" [_thread_blocked, id=2980, stack(0x000000001ccf0000,0x000000001cdf0000)]
  0x000000001b6ac800 JavaThread "File lock request listener" [_thread_in_native, id=6120, stack(0x000000001bb20000,0x000000001bc20000)]
  0x000000001b130000 JavaThread "Cache worker for file hash cache (C:\Users\bca1\.gradle\caches\4.10.1\fileHashes)" [_thread_blocked, id=5076, stack(0x000000001ba20000,0x000000001bb20000)]
  0x00000000191ce800 JavaThread "Daemon worker" [_thread_blocked, id=5628, stack(0x000000001a350000,0x000000001a450000)]
  0x0000000018dc2000 JavaThread "Daemon" [_thread_blocked, id=6756, stack(0x000000001a050000,0x000000001a150000)]
  0x000000001924a000 JavaThread "Daemon periodic checks" [_thread_blocked, id=6676, stack(0x0000000019f50000,0x000000001a050000)]
  0x0000000018ffd800 JavaThread "Incoming local TCP Connector on port 51607" [_thread_in_native, id=5588, stack(0x0000000019d70000,0x0000000019e70000)]
  0x0000000017a80800 JavaThread "Service Thread" daemon [_thread_blocked, id=4884, stack(0x0000000017e60000,0x0000000017f60000)]
  0x000000001612f000 JavaThread "C1 CompilerThread2" daemon [_thread_blocked, id=6244, stack(0x0000000017960000,0x0000000017a60000)]
=>0x000000001612b800 JavaThread "C2 CompilerThread1" daemon [_thread_in_native, id=1000, stack(0x0000000017860000,0x0000000017960000)]
  0x0000000016139000 JavaThread "C2 CompilerThread0" daemon [_thread_in_native, id=5168, stack(0x0000000017760000,0x0000000017860000)]
  0x0000000016136800 JavaThread "Attach Listener" daemon [_thread_blocked, id=4528, stack(0x0000000017660000,0x0000000017760000)]
  0x0000000016135800 JavaThread "Signal Dispatcher" daemon [_thread_blocked, id=3180, stack(0x0000000017560000,0x0000000017660000)]
  0x00000000027bb800 JavaThread "Finalizer" daemon [_thread_blocked, id=5272, stack(0x0000000017380000,0x0000000017480000)]
  0x00000000027b0800 JavaThread "Reference Handler" daemon [_thread_blocked, id=5200, stack(0x0000000017280000,0x0000000017380000)]
  0x00000000024de000 JavaThread "main" [_thread_blocked, id=5300, stack(0x00000000025c0000,0x00000000026c0000)]

Other Threads:
  0x00000000160f5000 VMThread [stack: 0x0000000017180000,0x0000000017280000] [id=5600]
  0x000000001618e800 WatcherThread [stack: 0x0000000017f60000,0x0000000018060000] [id=1816]

VM state:not at safepoint (normal execution)

VM Mutex/Monitor currently owned by a thread: None

Heap:
 PSYoungGen      total 251392K, used 230254K [0x00000000e0000000, 0x00000000f2c00000, 0x0000000100000000)
  eden space 226816K, 95% used [0x00000000e0000000,0x00000000ed40eff0,0x00000000edd80000)
  from space 24576K, 53% used [0x00000000edd80000,0x00000000eea4c860,0x00000000ef580000)
  to   space 24064K, 0% used [0x00000000f1480000,0x00000000f1480000,0x00000000f2c00000)
 ParOldGen       total 93696K, used 46422K [0x00000000a0000000, 0x00000000a5b80000, 0x00000000e0000000)
  object space 93696K, 49% used [0x00000000a0000000,0x00000000a2d558a8,0x00000000a5b80000)
 Metaspace       used 88277K, capacity 91292K, committed 91480K, reserved 1128448K
  class space    used 11222K, capacity 11895K, committed 11904K, reserved 1048576K

Card table byte_map: [0x0000000011b80000,0x0000000011e90000] byte_map_base: 0x0000000011680000

Marking Bits: (ParMarkBitMap*) 0x0000000056135aa0
 Begin Bits: [0x0000000012490000, 0x0000000013c90000)
 End Bits:   [0x0000000013c90000, 0x0000000015490000)

Polling page: 0x0000000000cc0000

CodeCache: size=245760Kb used=41157Kb max_used=41157Kb free=204602Kb
 bounds [0x00000000027c0000, 0x0000000005020000, 0x00000000117c0000]
 total_blobs=14219 nmethods=13234 adapters=896
 compilation: enabled

Compilation events (10 events):
Event: 31.531 Thread 0x000000001612f000 15400       2       com.android.tools.r8.dex.FileWriter$$Lambda$576/1252407492::accept (12 bytes)
Event: 31.531 Thread 0x000000001612f000 nmethod 15400 0x00000000050150d0 code [0x0000000005015240, 0x00000000050153e8]
Event: 31.531 Thread 0x000000001612f000 15401       2       com.android.tools.r8.dex.FileWriter::writeClassData (154 bytes)
Event: 31.531 Thread 0x000000001612f000 nmethod 15401 0x00000000050154d0 code [0x00000000050156c0, 0x0000000005015a98]
Event: 31.531 Thread 0x000000001612f000 15402       2       com.android.tools.r8.dex.FileWriter$$Lambda$587/232914164::applyAsInt (12 bytes)
Event: 31.531 Thread 0x000000001612f000 nmethod 15402 0x0000000005015ed0 code [0x0000000005016040, 0x0000000005016248]
Event: 31.531 Thread 0x000000001612f000 15403       2       com.android.tools.r8.dex.FileWriter::lambda$writeAnnotationDirectory$5 (12 bytes)
Event: 31.532 Thread 0x000000001612f000 nmethod 15403 0x0000000005016450 code [0x00000000050165c0, 0x0000000005016788]
Event: 31.532 Thread 0x000000001612f000 15404       2       com.android.tools.r8.dex.FileWriter$MixedSectionOffsets::getOffsetFor (19 bytes)
Event: 31.532 Thread 0x000000001612f000 nmethod 15404 0x0000000005016910 code [0x0000000005016a80, 0x0000000005016c48]

GC Heap History (10 events):
Event: 24.820 GC heap before
{Heap before GC invocations=18 (full 3):
 PSYoungGen      total 199680K, used 199653K [0x00000000e0000000, 0x00000000ede00000, 0x0000000100000000)
  eden space 179200K, 100% used [0x00000000e0000000,0x00000000eaf00000,0x00000000eaf00000)
  from space 20480K, 99% used [0x00000000ec680000,0x00000000eda797f0,0x00000000eda80000)
  to   space 24064K, 0% used [0x00000000eaf00000,0x00000000eaf00000,0x00000000ec680000)
 ParOldGen       total 93696K, used 36682K [0x00000000a0000000, 0x00000000a5b80000, 0x00000000e0000000)
  object space 93696K, 39% used [0x00000000a0000000,0x00000000a23d28d8,0x00000000a5b80000)
 Metaspace       used 72516K, capacity 74570K, committed 74712K, reserved 1114112K
  class space    used 9396K, capacity 9928K, committed 9984K, reserved 1048576K
Event: 24.852 GC heap after
Heap after GC invocations=18 (full 3):
 PSYoungGen      total 203264K, used 3496K [0x00000000e0000000, 0x00000000ef800000, 0x0000000100000000)
  eden space 179200K, 0% used [0x00000000e0000000,0x00000000e0000000,0x00000000eaf00000)
  from space 24064K, 14% used [0x00000000eaf00000,0x00000000eb26a270,0x00000000ec680000)
  to   space 24064K, 0% used [0x00000000ee080000,0x00000000ee080000,0x00000000ef800000)
 ParOldGen       total 93696K, used 46380K [0x00000000a0000000, 0x00000000a5b80000, 0x00000000e0000000)
  object space 93696K, 49% used [0x00000000a0000000,0x00000000a2d4b2b8,0x00000000a5b80000)
 Metaspace       used 72516K, capacity 74570K, committed 74712K, reserved 1114112K
  class space    used 9396K, capacity 9928K, committed 9984K, reserved 1048576K
}
Event: 27.907 GC heap before
{Heap before GC invocations=19 (full 3):
 PSYoungGen      total 203264K, used 182696K [0x00000000e0000000, 0x00000000ef800000, 0x0000000100000000)
  eden space 179200K, 100% used [0x00000000e0000000,0x00000000eaf00000,0x00000000eaf00000)
  from space 24064K, 14% used [0x00000000eaf00000,0x00000000eb26a270,0x00000000ec680000)
  to   space 24064K, 0% used [0x00000000ee080000,0x00000000ee080000,0x00000000ef800000)
 ParOldGen       total 93696K, used 46388K [0x00000000a0000000, 0x00000000a5b80000, 0x00000000e0000000)
  object space 93696K, 49% used [0x00000000a0000000,0x00000000a2d4d030,0x00000000a5b80000)
 Metaspace       used 80423K, capacity 82786K, committed 82904K, reserved 1122304K
  class space    used 10320K, capacity 10902K, committed 11008K, reserved 1048576K
Event: 27.922 GC heap after
Heap after GC invocations=19 (full 3):
 PSYoungGen      total 224768K, used 14120K [0x00000000e0000000, 0x00000000ef580000, 0x0000000100000000)
  eden space 203264K, 0% used [0x00000000e0000000,0x00000000e0000000,0x00000000ec680000)
  from space 21504K, 65% used [0x00000000ee080000,0x00000000eee4a1d8,0x00000000ef580000)
  to   space 24064K, 0% used [0x00000000ec680000,0x00000000ec680000,0x00000000ede00000)
 ParOldGen       total 93696K, used 46396K [0x00000000a0000000, 0x00000000a5b80000, 0x00000000e0000000)
  object space 93696K, 49% used [0x00000000a0000000,0x00000000a2d4f030,0x00000000a5b80000)
 Metaspace       used 80423K, capacity 82786K, committed 82904K, reserved 1122304K
  class space    used 10320K, capacity 10902K, committed 11008K, reserved 1048576K
}
Event: 29.453 GC heap before
{Heap before GC invocations=20 (full 3):
 PSYoungGen      total 224768K, used 217384K [0x00000000e0000000, 0x00000000ef580000, 0x0000000100000000)
  eden space 203264K, 100% used [0x00000000e0000000,0x00000000ec680000,0x00000000ec680000)
  from space 21504K, 65% used [0x00000000ee080000,0x00000000eee4a1d8,0x00000000ef580000)
  to   space 24064K, 0% used [0x00000000ec680000,0x00000000ec680000,0x00000000ede00000)
 ParOldGen       total 93696K, used 46398K [0x00000000a0000000, 0x00000000a5b80000, 0x00000000e0000000)
  object space 93696K, 49% used [0x00000000a0000000,0x00000000a2d4f8a8,0x00000000a5b80000)
 Metaspace       used 87887K, capacity 90936K, committed 90968K, reserved 1128448K
  class space    used 11212K, capacity 11893K, committed 11904K, reserved 1048576K
Event: 29.477 GC heap after
Heap after GC invocations=20 (full 3):
 PSYoungGen      total 227328K, used 19174K [0x00000000e0000000, 0x00000000f0f00000, 0x0000000100000000)
  eden space 203264K, 0% used [0x00000000e0000000,0x00000000e0000000,0x00000000ec680000)
  from space 24064K, 79% used [0x00000000ec680000,0x00000000ed939930,0x00000000ede00000)
  to   space 26112K, 0% used [0x00000000ef580000,0x00000000ef580000,0x00000000f0f00000)
 ParOldGen       total 93696K, used 46406K [0x00000000a0000000, 0x00000000a5b80000, 0x00000000e0000000)
  object space 93696K, 49% used [0x00000000a0000000,0x00000000a2d518a8,0x00000000a5b80000)
 Metaspace       used 87887K, capacity 90936K, committed 90968K, reserved 1128448K
  class space    used 11212K, capacity 11893K, committed 11904K, reserved 1048576K
}
Event: 30.235 GC heap before
{Heap before GC invocations=21 (full 3):
 PSYoungGen      total 227328K, used 222438K [0x00000000e0000000, 0x00000000f0f00000, 0x0000000100000000)
  eden space 203264K, 100% used [0x00000000e0000000,0x00000000ec680000,0x00000000ec680000)
  from space 24064K, 79% used [0x00000000ec680000,0x00000000ed939930,0x00000000ede00000)
  to   space 26112K, 0% used [0x00000000ef580000,0x00000000ef580000,0x00000000f0f00000)
 ParOldGen       total 93696K, used 46406K [0x00000000a0000000, 0x00000000a5b80000, 0x00000000e0000000)
  object space 93696K, 49% used [0x00000000a0000000,0x00000000a2d518a8,0x00000000a5b80000)
 Metaspace       used 88067K, capacity 91084K, committed 91224K, reserved 1128448K
  class space    used 11218K, capacity 11895K, committed 11904K, reserved 1048576K
Event: 30.249 GC heap after
Heap after GC invocations=21 (full 3):
 PSYoungGen      total 252928K, used 10961K [0x00000000e0000000, 0x00000000f0f00000, 0x0000000100000000)
  eden space 226816K, 0% used [0x00000000e0000000,0x00000000e0000000,0x00000000edd80000)
  from space 26112K, 41% used [0x00000000ef580000,0x00000000f0034448,0x00000000f0f00000)
  to   space 24576K, 0% used [0x00000000edd80000,0x00000000edd80000,0x00000000ef580000)
 ParOldGen       total 93696K, used 46414K [0x00000000a0000000, 0x00000000a5b80000, 0x00000000e0000000)
  object space 93696K, 49% used [0x00000000a0000000,0x00000000a2d538a8,0x00000000a5b80000)
 Metaspace       used 88067K, capacity 91084K, committed 91224K, reserved 1128448K
  class space    used 11218K, capacity 11895K, committed 11904K, reserved 1048576K
}
Event: 30.934 GC heap before
{Heap before GC invocations=22 (full 3):
 PSYoungGen      total 252928K, used 237777K [0x00000000e0000000, 0x00000000f0f00000, 0x0000000100000000)
  eden space 226816K, 100% used [0x00000000e0000000,0x00000000edd80000,0x00000000edd80000)
  from space 26112K, 41% used [0x00000000ef580000,0x00000000f0034448,0x00000000f0f00000)
  to   space 24576K, 0% used [0x00000000edd80000,0x00000000edd80000,0x00000000ef580000)
 ParOldGen       total 93696K, used 46414K [0x00000000a0000000, 0x00000000a5b80000, 0x00000000e0000000)
  object space 93696K, 49% used [0x00000000a0000000,0x00000000a2d538a8,0x00000000a5b80000)
 Metaspace       used 88186K, capacity 91224K, committed 91480K, reserved 1128448K
  class space    used 11222K, capacity 11895K, committed 11904K, reserved 1048576K
Event: 30.950 GC heap after
Heap after GC invocations=22 (full 3):
 PSYoungGen      total 251392K, used 13106K [0x00000000e0000000, 0x00000000f2c00000, 0x0000000100000000)
  eden space 226816K, 0% used [0x00000000e0000000,0x00000000e0000000,0x00000000edd80000)
  from space 24576K, 53% used [0x00000000edd80000,0x00000000eea4c860,0x00000000ef580000)
  to   space 24064K, 0% used [0x00000000f1480000,0x00000000f1480000,0x00000000f2c00000)
 ParOldGen       total 93696K, used 46422K [0x00000000a0000000, 0x00000000a5b80000, 0x00000000e0000000)
  object space 93696K, 49% used [0x00000000a0000000,0x00000000a2d558a8,0x00000000a5b80000)
 Metaspace       used 88186K, capacity 91224K, committed 91480K, reserved 1128448K
  class space    used 11222K, capacity 11895K, committed 11904K, reserved 1048576K
}

Deoptimization events (10 events):
Event: 31.127 Thread 0x000000001c286800 Uncommon trap: reason=unstable_if action=reinterpret pc=0x00000000044cd45c method=sun.nio.ch.Util$BufferCache.get(I)Ljava/nio/ByteBuffer; @ 47
Event: 31.285 Thread 0x000000001c286000 Uncommon trap: reason=unstable_if action=reinterpret pc=0x0000000004f0d258 method=com.android.tools.r8.ir.conversion.JarSourceCode.getCurrentCatchHandlers()Lcom/android/tools/r8/ir/code/CatchHandlers; @ 4
Event: 31.285 Thread 0x000000001c286000 Uncommon trap: reason=unstable_if action=reinterpret pc=0x00000000044fd060 method=com.android.tools.r8.ir.conversion.JarState.getLocalsAt(I)Lcom/android/tools/r8/ir/conversion/JarState$LocalsAtOffset; @ 1
Event: 31.287 Thread 0x000000001c286000 Uncommon trap: reason=unstable_if action=reinterpret pc=0x0000000004db3c24 method=com.android.tools.r8.ir.conversion.JarSourceCode.buildInstruction(Lcom/android/tools/r8/ir/conversion/IRBuilder;IZ)V @ 3
Event: 31.396 Thread 0x000000001c286800 Uncommon trap: reason=unstable_if action=reinterpret pc=0x000000000440dfec method=com.android.tools.r8.org.objectweb.asm.ClassReader.readUTF(II[C)Ljava/lang/String; @ 41
Event: 31.396 Thread 0x000000001c286800 Uncommon trap: reason=unstable_if action=reinterpret pc=0x00000000030af640 method=com.android.tools.r8.graph.DexString.countBytes(Ljava/lang/String;)I @ 25
Event: 31.413 Thread 0x000000001c286800 Uncommon trap: reason=unstable_if action=reinterpret pc=0x0000000003e23080 method=com.android.tools.r8.utils.IdentifierUtils.isSimpleNameChar(I)Z @ 45
Event: 31.418 Thread 0x000000001c286800 Uncommon trap: reason=unstable_if action=reinterpret pc=0x0000000004456c3c method=com.android.tools.r8.org.objectweb.asm.ClassReader.readUTF(II[C)Ljava/lang/String; @ 41
Event: 31.418 Thread 0x000000001c286800 Uncommon trap: reason=unstable_if action=reinterpret pc=0x0000000002c39fd8 method=com.android.tools.r8.graph.DexString.countBytes(Ljava/lang/String;)I @ 25
Event: 31.418 Thread 0x000000001c286800 Uncommon trap: reason=unstable_if action=reinterpret pc=0x000000000313e9ec method=com.android.tools.r8.graph.DexString.countBytes(Ljava/lang/String;)I @ 25

Classes redefined (0 events):
No events

Internal exceptions (10 events):
Event: 31.012 Thread 0x000000001c27f000 Exception <a 'sun/nio/fs/WindowsException'> (0x00000000e1675088) thrown at [D:\src\AOSP-openjdk-cygwin\jdk8u\hotspot\src\share\vm\prims\jni.cpp, line 709]
Event: 31.032 Thread 0x000000001c283000 Exception <a 'sun/nio/fs/WindowsException'> (0x00000000e18ff0b0) thrown at [D:\src\AOSP-openjdk-cygwin\jdk8u\hotspot\src\share\vm\prims\jni.cpp, line 709]
Event: 31.123 Thread 0x000000001c286800 Exception <a 'sun/nio/fs/WindowsException'> (0x00000000e2c326a8) thrown at [D:\src\AOSP-openjdk-cygwin\jdk8u\hotspot\src\share\vm\prims\jni.cpp, line 709]
Event: 31.149 Thread 0x000000001c286800 Exception <a 'sun/nio/fs/WindowsException'> (0x00000000e346c5c0) thrown at [D:\src\AOSP-openjdk-cygwin\jdk8u\hotspot\src\share\vm\prims\jni.cpp, line 709]
Event: 31.289 Thread 0x000000001c286800 Exception <a 'sun/nio/fs/WindowsException'> (0x00000000e73e88e8) thrown at [D:\src\AOSP-openjdk-cygwin\jdk8u\hotspot\src\share\vm\prims\jni.cpp, line 709]
Event: 31.324 Thread 0x000000001c283000 Exception <a 'sun/nio/fs/WindowsException'> (0x00000000e1930e20) thrown at [D:\src\AOSP-openjdk-cygwin\jdk8u\hotspot\src\share\vm\prims\jni.cpp, line 709]
Event: 31.333 Thread 0x000000001c27f000 Exception <a 'sun/nio/fs/WindowsException'> (0x00000000e170abc8) thrown at [D:\src\AOSP-openjdk-cygwin\jdk8u\hotspot\src\share\vm\prims\jni.cpp, line 709]
Event: 31.337 Thread 0x000000001c283000 Exception <a 'sun/nio/fs/WindowsException'> (0x00000000e7b781c0) thrown at [D:\src\AOSP-openjdk-cygwin\jdk8u\hotspot\src\share\vm\prims\jni.cpp, line 709]
Event: 31.385 Thread 0x000000001c286800 Exception <a 'sun/nio/fs/WindowsException'> (0x00000000e9187200) thrown at [D:\src\AOSP-openjdk-cygwin\jdk8u\hotspot\src\share\vm\prims\jni.cpp, line 709]
Event: 31.532 Thread 0x000000001c27f000 Exception <a 'sun/nio/fs/WindowsException'> (0x00000000ecc0eb78) thrown at [D:\src\AOSP-openjdk-cygwin\jdk8u\hotspot\src\share\vm\prims\jni.cpp, line 709]

Events (10 events):
Event: 31.420 Thread 0x000000001c286800 DEOPT PACKING pc=0x0000000004ff37fd sp=0x0000000023b2b9d0
Event: 31.420 Thread 0x000000001c286800 DEOPT UNPACKING pc=0x00000000028075d0 sp=0x0000000023b2b6c8 mode 0
Event: 31.421 Thread 0x000000001c286800 DEOPT PACKING pc=0x0000000004ff37fd sp=0x0000000023b2b9d0
Event: 31.421 Thread 0x000000001c286800 DEOPT UNPACKING pc=0x00000000028075d0 sp=0x0000000023b2b6c8 mode 0
Event: 31.425 Thread 0x000000001c286800 DEOPT PACKING pc=0x00000000035fceac sp=0x0000000023b2be20
Event: 31.425 Thread 0x000000001c286800 DEOPT UNPACKING pc=0x00000000028075d0 sp=0x0000000023b2bb88 mode 0
Event: 31.462 Thread 0x000000001c286800 DEOPT PACKING pc=0x00000000035fceac sp=0x0000000023b2ba20
Event: 31.462 Thread 0x000000001c286800 DEOPT UNPACKING pc=0x00000000028075d0 sp=0x0000000023b2b788 mode 0
Event: 31.523 Thread 0x000000001c27f000 DEOPT PACKING pc=0x0000000004ff30a9 sp=0x000000002152dd00
Event: 31.523 Thread 0x000000001c27f000 DEOPT UNPACKING pc=0x00000000028075d0 sp=0x000000002152da40 mode 0


Dynamic libraries:
0x00007ff6ccf00000 - 0x00007ff6ccf31000 	C:\Program Files\Android\Android Studio\jre\bin\java.exe
0x00007ff983b90000 - 0x00007ff983d52000 	C:\Windows\SYSTEM32\ntdll.dll
0x00007ff9839b0000 - 0x00007ff983a5d000 	C:\Windows\system32\KERNEL32.DLL
0x00007ff981080000 - 0x00007ff98125d000 	C:\Windows\system32\KERNELBASE.dll
0x00007ff9815a0000 - 0x00007ff981646000 	C:\Windows\system32\ADVAPI32.dll
0x00007ff9819b0000 - 0x00007ff981a4d000 	C:\Windows\system32\msvcrt.dll
0x00007ff981540000 - 0x00007ff98159b000 	C:\Windows\system32\sechost.dll
0x00007ff983a60000 - 0x00007ff983b86000 	C:\Windows\system32\RPCRT4.dll
0x00007ff9813f0000 - 0x00007ff98153e000 	C:\Windows\system32\USER32.dll
0x00007ff981670000 - 0x00007ff9817f5000 	C:\Windows\system32\GDI32.dll
0x00007ff969d00000 - 0x00007ff969f74000 	C:\Windows\WinSxS\amd64_microsoft.windows.common-controls_6595b64144ccf1df_6.0.10240.16384_none_f41f7b285750ef43\COMCTL32.dll
0x00007ff983970000 - 0x00007ff9839a6000 	C:\Windows\system32\IMM32.DLL
0x00007ff981d30000 - 0x00007ff981e8c000 	C:\Windows\system32\MSCTF.dll
0x0000000056840000 - 0x0000000056912000 	C:\Program Files\Android\Android Studio\jre\jre\bin\msvcr100.dll
0x0000000055970000 - 0x00000000561b1000 	C:\Program Files\Android\Android Studio\jre\jre\bin\server\jvm.dll
0x00007ff983960000 - 0x00007ff983968000 	C:\Windows\system32\PSAPI.DLL
0x00007ff973220000 - 0x00007ff97322a000 	C:\Windows\SYSTEM32\VERSION.dll
0x00007ff96ab50000 - 0x00007ff96ab73000 	C:\Windows\SYSTEM32\WINMM.dll
0x00007ff975180000 - 0x00007ff975189000 	C:\Windows\SYSTEM32\WSOCK32.dll
0x00007ff981380000 - 0x00007ff9813e9000 	C:\Windows\system32\WS2_32.dll
0x00007ff981370000 - 0x00007ff981378000 	C:\Windows\system32\NSI.dll
0x00007ff96ab20000 - 0x00007ff96ab4c000 	C:\Windows\SYSTEM32\WINMMBASE.dll
0x00007ff980e60000 - 0x00007ff980ea4000 	C:\Windows\system32\cfgmgr32.dll
0x00007ff97ef30000 - 0x00007ff97ef57000 	C:\Windows\SYSTEM32\DEVOBJ.dll
0x00007ff97da00000 - 0x00007ff97da0f000 	C:\Program Files\Android\Android Studio\jre\jre\bin\verify.dll
0x00007ff97d9d0000 - 0x00007ff97d9f9000 	C:\Program Files\Android\Android Studio\jre\jre\bin\java.dll
0x00007ff97d9b0000 - 0x00007ff97d9c6000 	C:\Program Files\Android\Android Studio\jre\jre\bin\zip.dll
0x00007ff982430000 - 0x00007ff983955000 	C:\Windows\system32\SHELL32.dll
0x00007ff980830000 - 0x00007ff980e58000 	C:\Windows\system32\windows.storage.dll
0x00007ff981f80000 - 0x00007ff9821fc000 	C:\Windows\system32\combase.dll
0x00007ff9823d0000 - 0x00007ff982421000 	C:\Windows\system32\shlwapi.dll
0x00007ff980650000 - 0x00007ff98065f000 	C:\Windows\system32\kernel.appcore.dll
0x00007ff980eb0000 - 0x00007ff980f63000 	C:\Windows\system32\shcore.dll
0x00007ff9805e0000 - 0x00007ff98062a000 	C:\Windows\system32\powrprof.dll
0x00007ff9805c0000 - 0x00007ff9805d3000 	C:\Windows\system32\profapi.dll
0x00007ff97d990000 - 0x00007ff97d9aa000 	C:\Program Files\Android\Android Studio\jre\jre\bin\net.dll
0x00007ff97fe30000 - 0x00007ff97fe8d000 	C:\Windows\system32\mswsock.dll
0x00007ff97b9e0000 - 0x00007ff97b9f1000 	C:\Program Files\Android\Android Studio\jre\jre\bin\nio.dll
0x00007ff960eb0000 - 0x00007ff960ece000 	C:\Users\bca1\.gradle\native\25\windows-amd64\native-platform.dll
0x00007ff97d970000 - 0x00007ff97d97d000 	C:\Program Files\Android\Android Studio\jre\jre\bin\management.dll
0x00007ff97fe90000 - 0x00007ff97fea7000 	C:\Windows\SYSTEM32\CRYPTSP.dll
0x00007ff980100000 - 0x00007ff980128000 	C:\Windows\SYSTEM32\bcrypt.dll
0x00007ff97fae0000 - 0x00007ff97fb13000 	C:\Windows\system32\rsaenh.dll
0x00007ff97fbd0000 - 0x00007ff97fbef000 	C:\Windows\SYSTEM32\USERENV.dll
0x00007ff980410000 - 0x00007ff98047b000 	C:\Windows\system32\bcryptprimitives.dll
0x00007ff980000000 - 0x00007ff98000b000 	C:\Windows\SYSTEM32\CRYPTBASE.dll
0x00007ff97e0e0000 - 0x00007ff97e118000 	C:\Windows\SYSTEM32\IPHLPAPI.DLL
0x00007ff97e0d0000 - 0x00007ff97e0db000 	C:\Windows\SYSTEM32\WINNSI.DLL
0x00007ff97d140000 - 0x00007ff97d156000 	C:\Windows\SYSTEM32\dhcpcsvc6.DLL
0x00007ff97d120000 - 0x00007ff97d13a000 	C:\Windows\SYSTEM32\dhcpcsvc.DLL
0x00007ff976690000 - 0x00007ff976827000 	C:\Program Files\Android\Android Studio\jre\jre\bin\awt.dll
0x00007ff981c00000 - 0x00007ff981cbe000 	C:\Windows\system32\OLEAUT32.dll
0x00007ff975420000 - 0x00007ff975965000 	C:\Windows\SYSTEM32\d2d1.dll
0x00007ff97e980000 - 0x00007ff97e9f8000 	C:\Windows\system32\apphelp.dll
0x00007ff97d2e0000 - 0x00007ff97d302000 	C:\Windows\system32\DWMAPI.DLL
0x00007ff97ee90000 - 0x00007ff97ef26000 	C:\Windows\system32\uxtheme.dll

VM Arguments:
jvm_args: -Xmx1536m -Dfile.encoding=windows-1252 -Duser.country=US -Duser.language=en -Duser.variant 
java_command: org.gradle.launcher.daemon.bootstrap.GradleDaemon 4.10.1
java_class_path (initial): C:\Users\bca1\.gradle\wrapper\dists\gradle-4.10.1-all\455itskqi2qtf0v2sja68alqd\gradle-4.10.1\lib\gradle-launcher-4.10.1.jar
Launcher Type: SUN_STANDARD

Environment Variables:
PATH=C:\Program Files (x86)\Common Files\Oracle\Java\javapath;C:\ProgramData\Oracle\Java\javapath;C:\Windows\system32;C:\Windows;C:\Windows\System32\Wbem;C:\Windows\System32\WindowsPowerShell\v1.0\;C:\java\jdk\bin;C:\Program Files\nodejs\;C:\Program Files\Microsoft SQL Server\120\DTS\Binn\;C:\Program Files\Microsoft SQL Server\Client SDK\ODBC\110\Tools\Binn\;C:\Program Files (x86)\Microsoft SQL Server\120\Tools\Binn\;C:\Program Files\Microsoft SQL Server\120\Tools\Binn\;C:\Program Files (x86)\Microsoft SQL Server\120\Tools\Binn\ManagementStudio\;C:\Program Files (x86)\Microsoft SQL Server\120\DTS\Binn\;C:\Windows\system32\config\systemprofile\.dnx\bin;C:\Program Files\Microsoft DNX\Dnvm\;C:\Program Files\Microsoft SQL Server\130\Tools\Binn\;C:\Users\bca1\AppData\Local\Programs\Python\Python36-32\Scripts\;C:\Users\bca1\AppData\Local\Programs\Python\Python36-32\;C:\Users\bca1\AppData\Local\Programs\Microsoft VS Code\bin;C:\Users\bca1\AppData\Local\Programs\Git\cmd
USERNAME=bca1
OS=Windows_NT
PROCESSOR_IDENTIFIER=Intel64 Family 6 Model 158 Stepping 9, GenuineIntel



---------------  S Y S T E M  ---------------

OS: Windows 10.0 , 64 bit Build 10240 (10.0.10240.16384)

CPU:total 4 (initial active 4) (4 cores per cpu, 1 threads per core) family 6 model 158 stepping 9, cmov, cx8, fxsr, mmx, sse, sse2, sse3, ssse3, sse4.1, sse4.2, popcnt, avx, avx2, aes, clmul, erms, 3dnowpref, lzcnt, tsc, tscinvbit, bmi1, bmi2, adx

Memory: 4k page, physical 4099580k(481064k free), swap 5529084k(6692k free)

vm_info: OpenJDK 64-Bit Server VM (25.152-b01) for windows-amd64 JRE (1.8.0_152-release-1248-b01), built by "builder" with MS VC++ 10.0 (VS2010)

time: Mon Apr 08 12:41:02 2019
elapsed time: 31 seconds (0d 0h 0m 31s)

